ARM GAS  C:\Users\NICKBU~1\AppData\Local\Temp\cc0b52tk.s 			page 1


   1              		.syntax unified
   2              		.cpu cortex-m3
   3              		.fpu softvfp
   4              		.eabi_attribute 20, 1
   5              		.eabi_attribute 21, 1
   6              		.eabi_attribute 23, 3
   7              		.eabi_attribute 24, 1
   8              		.eabi_attribute 25, 1
   9              		.eabi_attribute 26, 1
  10              		.eabi_attribute 30, 1
  11              		.eabi_attribute 34, 1
  12              		.eabi_attribute 18, 4
  13              		.thumb
  14              		.file	"main.c"
  15              		.text
  16              	.Ltext0:
  17              		.cfi_sections	.debug_frame
  18              		.section	.text.buttonISR,"ax",%progbits
  19              		.align	2
  20              		.global	buttonISR
  21              		.thumb
  22              		.thumb_func
  23              		.type	buttonISR, %function
  24              	buttonISR:
  25              	.LFB66:
  26              		.file 1 "main.c"
   1:main.c        **** /* ========================================
   2:main.c        ****  *
   3:main.c        ****  * Copyright YOUR COMPANY, THE YEAR
   4:main.c        ****  * All Rights Reserved
   5:main.c        ****  * UNPUBLISHED, LICENSED SOFTWARE.
   6:main.c        ****  *
   7:main.c        ****  * CONFIDENTIAL AND PROPRIETARY INFORMATION
   8:main.c        ****  * WHICH IS THE PROPERTY OF your company.
   9:main.c        ****  *
  10:main.c        ****  * ========================================
  11:main.c        **** */
  12:main.c        **** #include <project.h>
  13:main.c        **** 
  14:main.c        **** #define PWM_CLOCK 48000000
  15:main.c        **** //#define STARTING_FREQ 267000
  16:main.c        **** //#define STARTING_FREQ 100000
  17:main.c        **** #define STARTING_FREQ 59000
  18:main.c        **** #define ELEMENTS(x)    (sizeof(x) / sizeof(x[0]))
  19:main.c        **** 
  20:main.c        **** uint8_t buttonPressed = 0;
  21:main.c        **** uint32_t currentFrequency = STARTING_FREQ;
  22:main.c        **** 
  23:main.c        **** uint32_t freqTableIndex = 0;
  24:main.c        **** uint32_t freqTable[] = 
  25:main.c        **** {
  26:main.c        ****     50000,
  27:main.c        ****     55000,
  28:main.c        ****     70000,
  29:main.c        ****     89000,
  30:main.c        ****     100000,
  31:main.c        ****     150000,
ARM GAS  C:\Users\NICKBU~1\AppData\Local\Temp\cc0b52tk.s 			page 2


  32:main.c        ****     200000,
  33:main.c        ****     300000,
  34:main.c        ****     500000
  35:main.c        **** };
  36:main.c        **** 
  37:main.c        **** void setFrequency(uint32_t freq)
  38:main.c        **** {
  39:main.c        ****     uint16_t period = PWM_CLOCK / freq;
  40:main.c        **** 
  41:main.c        ****     PWM_WritePeriod(period);
  42:main.c        ****     PWM_WriteCompare1(period/2);
  43:main.c        **** 
  44:main.c        **** }
  45:main.c        **** 
  46:main.c        **** uint32_t stepFrequencyTable()
  47:main.c        **** {
  48:main.c        ****     uint32_t currentFrequency = freqTable[freqTableIndex++];
  49:main.c        ****     if (freqTableIndex > sizeof(freqTable)/sizeof(freqTable[0]))
  50:main.c        ****     {
  51:main.c        ****         freqTableIndex = 0;
  52:main.c        ****     }
  53:main.c        ****     return currentFrequency;
  54:main.c        **** }
  55:main.c        **** 
  56:main.c        **** uint32_t stepFrequency()
  57:main.c        **** {
  58:main.c        ****     if (currentFrequency < 100)
  59:main.c        ****     {
  60:main.c        ****         currentFrequency += 5;
  61:main.c        ****     }
  62:main.c        ****     else if (currentFrequency < 1000)
  63:main.c        ****     {
  64:main.c        ****         currentFrequency += 10;
  65:main.c        ****     }
  66:main.c        ****     else if (currentFrequency < 10000)
  67:main.c        ****     {
  68:main.c        ****         currentFrequency += 100;
  69:main.c        ****     }
  70:main.c        ****     else if (currentFrequency < 100000)
  71:main.c        ****     {
  72:main.c        ****         currentFrequency += 100;
  73:main.c        ****     }
  74:main.c        ****     else if (currentFrequency < 1000000)
  75:main.c        ****     {
  76:main.c        ****         currentFrequency += 1000;
  77:main.c        ****     }
  78:main.c        ****     else if (currentFrequency < 10000000)
  79:main.c        ****     {
  80:main.c        ****         currentFrequency += 10000;
  81:main.c        ****     }
  82:main.c        ****     return currentFrequency;
  83:main.c        **** }
  84:main.c        **** 
  85:main.c        **** CY_ISR(buttonISR)
  86:main.c        **** {
  27              		.loc 1 86 0
  28              		.cfi_startproc
ARM GAS  C:\Users\NICKBU~1\AppData\Local\Temp\cc0b52tk.s 			page 3


  29              		@ args = 0, pretend = 0, frame = 0
  30              		@ frame_needed = 0, uses_anonymous_args = 0
  31              		@ link register save eliminated.
  87:main.c        ****     buttonPressed = 1;
  32              		.loc 1 87 0
  33 0000 0122     		movs	r2, #1
  34 0002 014B     		ldr	r3, .L2
  35 0004 1A70     		strb	r2, [r3]
  36 0006 7047     		bx	lr
  37              	.L3:
  38              		.align	2
  39              	.L2:
  40 0008 00000000 		.word	.LANCHOR0
  41              		.cfi_endproc
  42              	.LFE66:
  43              		.size	buttonISR, .-buttonISR
  44              		.section	.text.setFrequency,"ax",%progbits
  45              		.align	2
  46              		.global	setFrequency
  47              		.thumb
  48              		.thumb_func
  49              		.type	setFrequency, %function
  50              	setFrequency:
  51              	.LFB63:
  38:main.c        ****     uint16_t period = PWM_CLOCK / freq;
  52              		.loc 1 38 0
  53              		.cfi_startproc
  54              		@ args = 0, pretend = 0, frame = 0
  55              		@ frame_needed = 0, uses_anonymous_args = 0
  56              	.LVL0:
  57 0000 10B5     		push	{r4, lr}
  58              		.cfi_def_cfa_offset 8
  59              		.cfi_offset 4, -8
  60              		.cfi_offset 14, -4
  39:main.c        **** 
  61              		.loc 1 39 0
  62 0002 054C     		ldr	r4, .L6
  63 0004 B4FBF0F0 		udiv	r0, r4, r0
  64              	.LVL1:
  65 0008 84B2     		uxth	r4, r0
  66              	.LVL2:
  41:main.c        ****     PWM_WriteCompare1(period/2);
  67              		.loc 1 41 0
  68 000a 2046     		mov	r0, r4
  69 000c FFF7FEFF 		bl	PWM_WritePeriod
  70              	.LVL3:
  42:main.c        **** 
  71              		.loc 1 42 0
  72 0010 6008     		lsrs	r0, r4, #1
  73 0012 FFF7FEFF 		bl	PWM_WriteCompare1
  74              	.LVL4:
  75 0016 10BD     		pop	{r4, pc}
  76              	.LVL5:
  77              	.L7:
  78              		.align	2
  79              	.L6:
  80 0018 006CDC02 		.word	48000000
ARM GAS  C:\Users\NICKBU~1\AppData\Local\Temp\cc0b52tk.s 			page 4


  81              		.cfi_endproc
  82              	.LFE63:
  83              		.size	setFrequency, .-setFrequency
  84              		.section	.text.stepFrequencyTable,"ax",%progbits
  85              		.align	2
  86              		.global	stepFrequencyTable
  87              		.thumb
  88              		.thumb_func
  89              		.type	stepFrequencyTable, %function
  90              	stepFrequencyTable:
  91              	.LFB64:
  47:main.c        ****     uint32_t currentFrequency = freqTable[freqTableIndex++];
  92              		.loc 1 47 0
  93              		.cfi_startproc
  94              		@ args = 0, pretend = 0, frame = 0
  95              		@ frame_needed = 0, uses_anonymous_args = 0
  96              		@ link register save eliminated.
  48:main.c        ****     if (freqTableIndex > sizeof(freqTable)/sizeof(freqTable[0]))
  97              		.loc 1 48 0
  98 0000 0649     		ldr	r1, .L10
  99 0002 4A68     		ldr	r2, [r1, #4]
 100 0004 531C     		adds	r3, r2, #1
 101 0006 4B60     		str	r3, [r1, #4]
 102 0008 0549     		ldr	r1, .L10+4
 103 000a 51F82200 		ldr	r0, [r1, r2, lsl #2]
 104              	.LVL6:
  49:main.c        ****     {
 105              		.loc 1 49 0
 106 000e 092B     		cmp	r3, #9
 107 0010 02D9     		bls	.L9
  51:main.c        ****     }
 108              		.loc 1 51 0
 109 0012 0022     		movs	r2, #0
 110 0014 014B     		ldr	r3, .L10
 111 0016 5A60     		str	r2, [r3, #4]
 112              	.L9:
  54:main.c        **** 
 113              		.loc 1 54 0
 114 0018 7047     		bx	lr
 115              	.L11:
 116 001a 00BF     		.align	2
 117              	.L10:
 118 001c 00000000 		.word	.LANCHOR0
 119 0020 00000000 		.word	.LANCHOR1
 120              		.cfi_endproc
 121              	.LFE64:
 122              		.size	stepFrequencyTable, .-stepFrequencyTable
 123              		.section	.text.stepFrequency,"ax",%progbits
 124              		.align	2
 125              		.global	stepFrequency
 126              		.thumb
 127              		.thumb_func
 128              		.type	stepFrequency, %function
 129              	stepFrequency:
 130              	.LFB65:
  57:main.c        ****     if (currentFrequency < 100)
 131              		.loc 1 57 0
ARM GAS  C:\Users\NICKBU~1\AppData\Local\Temp\cc0b52tk.s 			page 5


 132              		.cfi_startproc
 133              		@ args = 0, pretend = 0, frame = 0
 134              		@ frame_needed = 0, uses_anonymous_args = 0
 135              		@ link register save eliminated.
  58:main.c        ****     {
 136              		.loc 1 58 0
 137 0000 184B     		ldr	r3, .L19
 138 0002 5B6A     		ldr	r3, [r3, #36]
 139 0004 632B     		cmp	r3, #99
 140 0006 03D8     		bhi	.L13
  60:main.c        ****     }
 141              		.loc 1 60 0
 142 0008 0533     		adds	r3, r3, #5
 143 000a 164A     		ldr	r2, .L19
 144 000c 5362     		str	r3, [r2, #36]
 145 000e 25E0     		b	.L14
 146              	.L13:
  62:main.c        ****     {
 147              		.loc 1 62 0
 148 0010 B3F57A7F 		cmp	r3, #1000
 149 0014 03D2     		bcs	.L15
  64:main.c        ****     }
 150              		.loc 1 64 0
 151 0016 0A33     		adds	r3, r3, #10
 152 0018 124A     		ldr	r2, .L19
 153 001a 5362     		str	r3, [r2, #36]
 154 001c 1EE0     		b	.L14
 155              	.L15:
  66:main.c        ****     {
 156              		.loc 1 66 0
 157 001e 42F20F72 		movw	r2, #9999
 158 0022 9342     		cmp	r3, r2
 159 0024 03D8     		bhi	.L16
  68:main.c        ****     }
 160              		.loc 1 68 0
 161 0026 6433     		adds	r3, r3, #100
 162 0028 0E4A     		ldr	r2, .L19
 163 002a 5362     		str	r3, [r2, #36]
 164 002c 16E0     		b	.L14
 165              	.L16:
  70:main.c        ****     {
 166              		.loc 1 70 0
 167 002e 0E4A     		ldr	r2, .L19+4
 168 0030 9342     		cmp	r3, r2
 169 0032 03D8     		bhi	.L17
  72:main.c        ****     }
 170              		.loc 1 72 0
 171 0034 6433     		adds	r3, r3, #100
 172 0036 0B4A     		ldr	r2, .L19
 173 0038 5362     		str	r3, [r2, #36]
 174 003a 0FE0     		b	.L14
 175              	.L17:
  74:main.c        ****     {
 176              		.loc 1 74 0
 177 003c 0B4A     		ldr	r2, .L19+8
 178 003e 9342     		cmp	r3, r2
 179 0040 04D8     		bhi	.L18
ARM GAS  C:\Users\NICKBU~1\AppData\Local\Temp\cc0b52tk.s 			page 6


  76:main.c        ****     }
 180              		.loc 1 76 0
 181 0042 03F57A73 		add	r3, r3, #1000
 182 0046 074A     		ldr	r2, .L19
 183 0048 5362     		str	r3, [r2, #36]
 184 004a 07E0     		b	.L14
 185              	.L18:
  78:main.c        ****     {
 186              		.loc 1 78 0
 187 004c 084A     		ldr	r2, .L19+12
 188 004e 9342     		cmp	r3, r2
 189 0050 04D8     		bhi	.L14
  80:main.c        ****     }
 190              		.loc 1 80 0
 191 0052 03F51C53 		add	r3, r3, #9984
 192 0056 1033     		adds	r3, r3, #16
 193 0058 024A     		ldr	r2, .L19
 194 005a 5362     		str	r3, [r2, #36]
 195              	.L14:
  83:main.c        **** 
 196              		.loc 1 83 0
 197 005c 014B     		ldr	r3, .L19
 198 005e 586A     		ldr	r0, [r3, #36]
 199 0060 7047     		bx	lr
 200              	.L20:
 201 0062 00BF     		.align	2
 202              	.L19:
 203 0064 00000000 		.word	.LANCHOR1
 204 0068 9F860100 		.word	99999
 205 006c 3F420F00 		.word	999999
 206 0070 7F969800 		.word	9999999
 207              		.cfi_endproc
 208              	.LFE65:
 209              		.size	stepFrequency, .-stepFrequency
 210              		.section	.text.main,"ax",%progbits
 211              		.align	2
 212              		.global	main
 213              		.thumb
 214              		.thumb_func
 215              		.type	main, %function
 216              	main:
 217              	.LFB67:
  88:main.c        **** }
  89:main.c        **** 
  90:main.c        **** int main()
  91:main.c        **** {    
 218              		.loc 1 91 0
 219              		.cfi_startproc
 220              		@ args = 0, pretend = 0, frame = 0
 221              		@ frame_needed = 0, uses_anonymous_args = 0
 222 0000 08B5     		push	{r3, lr}
 223              		.cfi_def_cfa_offset 8
 224              		.cfi_offset 3, -8
 225              		.cfi_offset 14, -4
 226              	.LVL7:
  92:main.c        ****     uint8_t autoSweep = 0;
  93:main.c        ****     CyGlobalIntEnable; /* Enable global interrupts. */
ARM GAS  C:\Users\NICKBU~1\AppData\Local\Temp\cc0b52tk.s 			page 7


 227              		.loc 1 93 0
 228              	@ 93 "main.c" 1
 229 0002 62B6     		CPSIE   i
 230              	@ 0 "" 2
  94:main.c        **** 
  95:main.c        ****     /* Place your initialization/startup code here (e.g. MyInst_Start()) */
  96:main.c        ****     PWM_Start();
 231              		.loc 1 96 0
 232              		.thumb
 233 0004 FFF7FEFF 		bl	PWM_Start
 234              	.LVL8:
  97:main.c        ****     isr_button_StartEx(buttonISR);
 235              		.loc 1 97 0
 236 0008 0448     		ldr	r0, .L26
 237 000a FFF7FEFF 		bl	isr_button_StartEx
 238              	.LVL9:
  98:main.c        ****     
  99:main.c        ****     if (BUTTON_Read() == 0)
 239              		.loc 1 99 0
 240 000e FFF7FEFF 		bl	BUTTON_Read
 241              	.LVL10:
 100:main.c        ****     {
 101:main.c        ****         // The button was depressed on power up, perform an automatic sweep
 102:main.c        ****         autoSweep = 1;
 103:main.c        ****         currentFrequency = STARTING_FREQ;
 104:main.c        ****     }
 105:main.c        ****     else
 106:main.c        ****     {
 107:main.c        ****         currentFrequency = STARTING_FREQ;
 108:main.c        ****     }
 109:main.c        ****     
 110:main.c        ****     //setFrequency(currentFrequency);
 111:main.c        ****     buttonPressed = 0;
 242              		.loc 1 111 0
 243 0012 0022     		movs	r2, #0
 244 0014 024B     		ldr	r3, .L26+4
 245 0016 1A70     		strb	r2, [r3]
 246              	.L24:
 112:main.c        ****     
 113:main.c        ****     for(;;)
 114:main.c        ****     {
 115:main.c        ****         /* Place your application code here. */
 116:main.c        **** //        if (autoSweep || buttonPressed)
 117:main.c        **** //        {            
 118:main.c        **** //            buttonPressed = 0;
 119:main.c        **** //            Pin_LED_Write(!Pin_LED_Read());
 120:main.c        **** //            setFrequency(stepFrequency());
 121:main.c        **** //        }
 122:main.c        **** //
 123:main.c        **** //        if (autoSweep)
 124:main.c        **** //        {
 125:main.c        **** //            CyDelay(100);
 126:main.c        **** //        }
 127:main.c        ****         
 128:main.c        **** #if 0
 129:main.c        ****         setFrequency(stepFreq[currentFreqIndex++]);   
 130:main.c        ****         if (currentFreqIndex >= ELEMENTS(stepFreq))
ARM GAS  C:\Users\NICKBU~1\AppData\Local\Temp\cc0b52tk.s 			page 8


 131:main.c        ****         {
 132:main.c        ****             currentFreqIndex = 0;
 133:main.c        ****         }
 134:main.c        **** #endif
 135:main.c        ****     }
 247              		.loc 1 135 0 discriminator 1
 248 0018 FEE7     		b	.L24
 249              	.L27:
 250 001a 00BF     		.align	2
 251              	.L26:
 252 001c 00000000 		.word	buttonISR
 253 0020 00000000 		.word	.LANCHOR0
 254              		.cfi_endproc
 255              	.LFE67:
 256              		.size	main, .-main
 257              		.global	freqTable
 258              		.global	freqTableIndex
 259              		.global	currentFrequency
 260              		.global	buttonPressed
 261              		.data
 262              		.align	2
 263              		.set	.LANCHOR1,. + 0
 264              		.type	freqTable, %object
 265              		.size	freqTable, 36
 266              	freqTable:
 267 0000 50C30000 		.word	50000
 268 0004 D8D60000 		.word	55000
 269 0008 70110100 		.word	70000
 270 000c A85B0100 		.word	89000
 271 0010 A0860100 		.word	100000
 272 0014 F0490200 		.word	150000
 273 0018 400D0300 		.word	200000
 274 001c E0930400 		.word	300000
 275 0020 20A10700 		.word	500000
 276              		.type	currentFrequency, %object
 277              		.size	currentFrequency, 4
 278              	currentFrequency:
 279 0024 78E60000 		.word	59000
 280              		.bss
 281              		.align	2
 282              		.set	.LANCHOR0,. + 0
 283              		.type	buttonPressed, %object
 284              		.size	buttonPressed, 1
 285              	buttonPressed:
 286 0000 00       		.space	1
 287 0001 000000   		.space	3
 288              		.type	freqTableIndex, %object
 289              		.size	freqTableIndex, 4
 290              	freqTableIndex:
 291 0004 00000000 		.space	4
 292              		.text
 293              	.Letext0:
 294              		.file 2 "c:\\program files (x86)\\cypress\\psoc creator\\4.0\\psoc creator\\import\\gnu\\arm\\4.9.
 295              		.file 3 "c:\\program files (x86)\\cypress\\psoc creator\\4.0\\psoc creator\\import\\gnu\\arm\\4.9.
 296              		.file 4 "Generated_Source\\PSoC5/cytypes.h"
 297              		.file 5 "Generated_Source\\PSoC5/core_cm3.h"
 298              		.file 6 "Generated_Source\\PSoC5/PWM.h"
ARM GAS  C:\Users\NICKBU~1\AppData\Local\Temp\cc0b52tk.s 			page 9


 299              		.file 7 "Generated_Source\\PSoC5/isr_button.h"
 300              		.file 8 "Generated_Source\\PSoC5/BUTTON.h"
 301              		.section	.debug_info,"",%progbits
 302              	.Ldebug_info0:
 303 0000 B8020000 		.4byte	0x2b8
 304 0004 0400     		.2byte	0x4
 305 0006 00000000 		.4byte	.Ldebug_abbrev0
 306 000a 04       		.byte	0x4
 307 000b 01       		.uleb128 0x1
 308 000c 2A010000 		.4byte	.LASF39
 309 0010 01       		.byte	0x1
 310 0011 39020000 		.4byte	.LASF40
 311 0015 40000000 		.4byte	.LASF41
 312 0019 00000000 		.4byte	.Ldebug_ranges0+0
 313 001d 00000000 		.4byte	0
 314 0021 00000000 		.4byte	.Ldebug_line0
 315 0025 02       		.uleb128 0x2
 316 0026 04       		.byte	0x4
 317 0027 07       		.byte	0x7
 318 0028 B8010000 		.4byte	.LASF0
 319 002c 02       		.uleb128 0x2
 320 002d 01       		.byte	0x1
 321 002e 06       		.byte	0x6
 322 002f 91020000 		.4byte	.LASF1
 323 0033 03       		.uleb128 0x3
 324 0034 00000000 		.4byte	.LASF4
 325 0038 02       		.byte	0x2
 326 0039 1D       		.byte	0x1d
 327 003a 3E000000 		.4byte	0x3e
 328 003e 02       		.uleb128 0x2
 329 003f 01       		.byte	0x1
 330 0040 08       		.byte	0x8
 331 0041 98000000 		.4byte	.LASF2
 332 0045 02       		.uleb128 0x2
 333 0046 02       		.byte	0x2
 334 0047 05       		.byte	0x5
 335 0048 25000000 		.4byte	.LASF3
 336 004c 03       		.uleb128 0x3
 337 004d FE000000 		.4byte	.LASF5
 338 0051 02       		.byte	0x2
 339 0052 2B       		.byte	0x2b
 340 0053 57000000 		.4byte	0x57
 341 0057 02       		.uleb128 0x2
 342 0058 02       		.byte	0x2
 343 0059 07       		.byte	0x7
 344 005a C3000000 		.4byte	.LASF6
 345 005e 03       		.uleb128 0x3
 346 005f 0A000000 		.4byte	.LASF7
 347 0063 02       		.byte	0x2
 348 0064 3F       		.byte	0x3f
 349 0065 69000000 		.4byte	0x69
 350 0069 02       		.uleb128 0x2
 351 006a 04       		.byte	0x4
 352 006b 05       		.byte	0x5
 353 006c 88020000 		.4byte	.LASF8
 354 0070 03       		.uleb128 0x3
 355 0071 A6000000 		.4byte	.LASF9
ARM GAS  C:\Users\NICKBU~1\AppData\Local\Temp\cc0b52tk.s 			page 10


 356 0075 02       		.byte	0x2
 357 0076 41       		.byte	0x41
 358 0077 7B000000 		.4byte	0x7b
 359 007b 02       		.uleb128 0x2
 360 007c 04       		.byte	0x4
 361 007d 07       		.byte	0x7
 362 007e B1000000 		.4byte	.LASF10
 363 0082 02       		.uleb128 0x2
 364 0083 08       		.byte	0x8
 365 0084 05       		.byte	0x5
 366 0085 2B020000 		.4byte	.LASF11
 367 0089 02       		.uleb128 0x2
 368 008a 08       		.byte	0x8
 369 008b 07       		.byte	0x7
 370 008c C5010000 		.4byte	.LASF12
 371 0090 04       		.uleb128 0x4
 372 0091 04       		.byte	0x4
 373 0092 05       		.byte	0x5
 374 0093 696E7400 		.ascii	"int\000"
 375 0097 03       		.uleb128 0x3
 376 0098 DC010000 		.4byte	.LASF13
 377 009c 03       		.byte	0x3
 378 009d 15       		.byte	0x15
 379 009e 33000000 		.4byte	0x33
 380 00a2 03       		.uleb128 0x3
 381 00a3 45020000 		.4byte	.LASF14
 382 00a7 03       		.byte	0x3
 383 00a8 21       		.byte	0x21
 384 00a9 4C000000 		.4byte	0x4c
 385 00ad 03       		.uleb128 0x3
 386 00ae 6C000000 		.4byte	.LASF15
 387 00b2 03       		.byte	0x3
 388 00b3 2C       		.byte	0x2c
 389 00b4 5E000000 		.4byte	0x5e
 390 00b8 03       		.uleb128 0x3
 391 00b9 7F020000 		.4byte	.LASF16
 392 00bd 03       		.byte	0x3
 393 00be 2D       		.byte	0x2d
 394 00bf 70000000 		.4byte	0x70
 395 00c3 05       		.uleb128 0x5
 396 00c4 7A000000 		.4byte	.LASF17
 397 00c8 04       		.byte	0x4
 398 00c9 9201     		.2byte	0x192
 399 00cb 3E000000 		.4byte	0x3e
 400 00cf 05       		.uleb128 0x5
 401 00d0 23010000 		.4byte	.LASF18
 402 00d4 04       		.byte	0x4
 403 00d5 9301     		.2byte	0x193
 404 00d7 57000000 		.4byte	0x57
 405 00db 02       		.uleb128 0x2
 406 00dc 04       		.byte	0x4
 407 00dd 04       		.byte	0x4
 408 00de 74000000 		.4byte	.LASF19
 409 00e2 02       		.uleb128 0x2
 410 00e3 08       		.byte	0x8
 411 00e4 04       		.byte	0x4
 412 00e5 09010000 		.4byte	.LASF20
ARM GAS  C:\Users\NICKBU~1\AppData\Local\Temp\cc0b52tk.s 			page 11


 413 00e9 02       		.uleb128 0x2
 414 00ea 01       		.byte	0x1
 415 00eb 08       		.byte	0x8
 416 00ec 40020000 		.4byte	.LASF21
 417 00f0 05       		.uleb128 0x5
 418 00f1 F6010000 		.4byte	.LASF22
 419 00f5 04       		.byte	0x4
 420 00f6 4E02     		.2byte	0x24e
 421 00f8 FC000000 		.4byte	0xfc
 422 00fc 06       		.uleb128 0x6
 423 00fd 04       		.byte	0x4
 424 00fe 02010000 		.4byte	0x102
 425 0102 07       		.uleb128 0x7
 426 0103 02       		.uleb128 0x2
 427 0104 04       		.byte	0x4
 428 0105 07       		.byte	0x7
 429 0106 22020000 		.4byte	.LASF23
 430 010a 08       		.uleb128 0x8
 431 010b 18020000 		.4byte	.LASF28
 432 010f 01       		.byte	0x1
 433 0110 55       		.byte	0x55
 434 0111 00000000 		.4byte	.LFB66
 435 0115 0C000000 		.4byte	.LFE66-.LFB66
 436 0119 01       		.uleb128 0x1
 437 011a 9C       		.byte	0x9c
 438 011b 09       		.uleb128 0x9
 439 011c D6000000 		.4byte	.LASF24
 440 0120 01       		.byte	0x1
 441 0121 25       		.byte	0x25
 442 0122 00000000 		.4byte	.LFB63
 443 0126 1C000000 		.4byte	.LFE63-.LFB63
 444 012a 01       		.uleb128 0x1
 445 012b 9C       		.byte	0x9c
 446 012c 86010000 		.4byte	0x186
 447 0130 0A       		.uleb128 0xa
 448 0131 4E020000 		.4byte	.LASF42
 449 0135 01       		.byte	0x1
 450 0136 25       		.byte	0x25
 451 0137 B8000000 		.4byte	0xb8
 452 013b 00000000 		.4byte	.LLST0
 453 013f 0B       		.uleb128 0xb
 454 0140 14000000 		.4byte	.LASF26
 455 0144 01       		.byte	0x1
 456 0145 27       		.byte	0x27
 457 0146 A2000000 		.4byte	0xa2
 458 014a 21000000 		.4byte	.LLST1
 459 014e 0C       		.uleb128 0xc
 460 014f E4010000 		.4byte	.LASF36
 461 0153 01       		.byte	0x1
 462 0154 2A       		.byte	0x2a
 463 0155 90000000 		.4byte	0x90
 464 0159 5F010000 		.4byte	0x15f
 465 015d 0D       		.uleb128 0xd
 466 015e 00       		.byte	0
 467 015f 0E       		.uleb128 0xe
 468 0160 10000000 		.4byte	.LVL3
 469 0164 76020000 		.4byte	0x276
ARM GAS  C:\Users\NICKBU~1\AppData\Local\Temp\cc0b52tk.s 			page 12


 470 0168 73010000 		.4byte	0x173
 471 016c 0F       		.uleb128 0xf
 472 016d 01       		.uleb128 0x1
 473 016e 50       		.byte	0x50
 474 016f 02       		.uleb128 0x2
 475 0170 74       		.byte	0x74
 476 0171 00       		.sleb128 0
 477 0172 00       		.byte	0
 478 0173 10       		.uleb128 0x10
 479 0174 16000000 		.4byte	.LVL4
 480 0178 87020000 		.4byte	0x287
 481 017c 0F       		.uleb128 0xf
 482 017d 01       		.uleb128 0x1
 483 017e 50       		.byte	0x50
 484 017f 04       		.uleb128 0x4
 485 0180 74       		.byte	0x74
 486 0181 00       		.sleb128 0
 487 0182 31       		.byte	0x31
 488 0183 25       		.byte	0x25
 489 0184 00       		.byte	0
 490 0185 00       		.byte	0
 491 0186 11       		.uleb128 0x11
 492 0187 10010000 		.4byte	.LASF25
 493 018b 01       		.byte	0x1
 494 018c 2E       		.byte	0x2e
 495 018d B8000000 		.4byte	0xb8
 496 0191 00000000 		.4byte	.LFB64
 497 0195 24000000 		.4byte	.LFE64-.LFB64
 498 0199 01       		.uleb128 0x1
 499 019a 9C       		.byte	0x9c
 500 019b AD010000 		.4byte	0x1ad
 501 019f 12       		.uleb128 0x12
 502 01a0 2F000000 		.4byte	.LASF27
 503 01a4 01       		.byte	0x1
 504 01a5 30       		.byte	0x30
 505 01a6 B8000000 		.4byte	0xb8
 506 01aa 01       		.uleb128 0x1
 507 01ab 50       		.byte	0x50
 508 01ac 00       		.byte	0
 509 01ad 13       		.uleb128 0x13
 510 01ae E3000000 		.4byte	.LASF29
 511 01b2 01       		.byte	0x1
 512 01b3 38       		.byte	0x38
 513 01b4 B8000000 		.4byte	0xb8
 514 01b8 00000000 		.4byte	.LFB65
 515 01bc 74000000 		.4byte	.LFE65-.LFB65
 516 01c0 01       		.uleb128 0x1
 517 01c1 9C       		.byte	0x9c
 518 01c2 11       		.uleb128 0x11
 519 01c3 03020000 		.4byte	.LASF30
 520 01c7 01       		.byte	0x1
 521 01c8 5A       		.byte	0x5a
 522 01c9 90000000 		.4byte	0x90
 523 01cd 00000000 		.4byte	.LFB67
 524 01d1 24000000 		.4byte	.LFE67-.LFB67
 525 01d5 01       		.uleb128 0x1
 526 01d6 9C       		.byte	0x9c
ARM GAS  C:\Users\NICKBU~1\AppData\Local\Temp\cc0b52tk.s 			page 13


 527 01d7 11020000 		.4byte	0x211
 528 01db 14       		.uleb128 0x14
 529 01dc 80000000 		.4byte	.LASF31
 530 01e0 01       		.byte	0x1
 531 01e1 5C       		.byte	0x5c
 532 01e2 97000000 		.4byte	0x97
 533 01e6 00       		.byte	0
 534 01e7 15       		.uleb128 0x15
 535 01e8 08000000 		.4byte	.LVL8
 536 01ec 98020000 		.4byte	0x298
 537 01f0 0E       		.uleb128 0xe
 538 01f1 0E000000 		.4byte	.LVL9
 539 01f5 9F020000 		.4byte	0x29f
 540 01f9 07020000 		.4byte	0x207
 541 01fd 0F       		.uleb128 0xf
 542 01fe 01       		.uleb128 0x1
 543 01ff 50       		.byte	0x50
 544 0200 05       		.uleb128 0x5
 545 0201 03       		.byte	0x3
 546 0202 00000000 		.4byte	buttonISR
 547 0206 00       		.byte	0
 548 0207 15       		.uleb128 0x15
 549 0208 12000000 		.4byte	.LVL10
 550 020c B0020000 		.4byte	0x2b0
 551 0210 00       		.byte	0
 552 0211 16       		.uleb128 0x16
 553 0212 F1000000 		.4byte	.LASF32
 554 0216 05       		.byte	0x5
 555 0217 9606     		.2byte	0x696
 556 0219 1D020000 		.4byte	0x21d
 557 021d 17       		.uleb128 0x17
 558 021e AD000000 		.4byte	0xad
 559 0222 18       		.uleb128 0x18
 560 0223 8A000000 		.4byte	.LASF33
 561 0227 01       		.byte	0x1
 562 0228 14       		.byte	0x14
 563 0229 97000000 		.4byte	0x97
 564 022d 05       		.uleb128 0x5
 565 022e 03       		.byte	0x3
 566 022f 00000000 		.4byte	buttonPressed
 567 0233 18       		.uleb128 0x18
 568 0234 2F000000 		.4byte	.LASF27
 569 0238 01       		.byte	0x1
 570 0239 15       		.byte	0x15
 571 023a B8000000 		.4byte	0xb8
 572 023e 05       		.uleb128 0x5
 573 023f 03       		.byte	0x3
 574 0240 00000000 		.4byte	currentFrequency
 575 0244 18       		.uleb128 0x18
 576 0245 53020000 		.4byte	.LASF34
 577 0249 01       		.byte	0x1
 578 024a 17       		.byte	0x17
 579 024b B8000000 		.4byte	0xb8
 580 024f 05       		.uleb128 0x5
 581 0250 03       		.byte	0x3
 582 0251 00000000 		.4byte	freqTableIndex
 583 0255 19       		.uleb128 0x19
ARM GAS  C:\Users\NICKBU~1\AppData\Local\Temp\cc0b52tk.s 			page 14


 584 0256 B8000000 		.4byte	0xb8
 585 025a 65020000 		.4byte	0x265
 586 025e 1A       		.uleb128 0x1a
 587 025f 03010000 		.4byte	0x103
 588 0263 08       		.byte	0x8
 589 0264 00       		.byte	0
 590 0265 18       		.uleb128 0x18
 591 0266 1B000000 		.4byte	.LASF35
 592 026a 01       		.byte	0x1
 593 026b 18       		.byte	0x18
 594 026c 55020000 		.4byte	0x255
 595 0270 05       		.uleb128 0x5
 596 0271 03       		.byte	0x3
 597 0272 00000000 		.4byte	freqTable
 598 0276 1B       		.uleb128 0x1b
 599 0277 08020000 		.4byte	.LASF37
 600 027b 06       		.byte	0x6
 601 027c BE       		.byte	0xbe
 602 027d 87020000 		.4byte	0x287
 603 0281 1C       		.uleb128 0x1c
 604 0282 CF000000 		.4byte	0xcf
 605 0286 00       		.byte	0
 606 0287 0C       		.uleb128 0xc
 607 0288 E4010000 		.4byte	.LASF36
 608 028c 01       		.byte	0x1
 609 028d 2A       		.byte	0x2a
 610 028e 90000000 		.4byte	0x90
 611 0292 98020000 		.4byte	0x298
 612 0296 0D       		.uleb128 0xd
 613 0297 00       		.byte	0
 614 0298 1D       		.uleb128 0x1d
 615 0299 62020000 		.4byte	.LASF43
 616 029d 06       		.byte	0x6
 617 029e 92       		.byte	0x92
 618 029f 1B       		.uleb128 0x1b
 619 02a0 6C020000 		.4byte	.LASF38
 620 02a4 07       		.byte	0x7
 621 02a5 18       		.byte	0x18
 622 02a6 B0020000 		.4byte	0x2b0
 623 02aa 1C       		.uleb128 0x1c
 624 02ab F0000000 		.4byte	0xf0
 625 02af 00       		.byte	0
 626 02b0 1E       		.uleb128 0x1e
 627 02b1 9D020000 		.4byte	.LASF44
 628 02b5 08       		.byte	0x8
 629 02b6 29       		.byte	0x29
 630 02b7 C3000000 		.4byte	0xc3
 631 02bb 00       		.byte	0
 632              		.section	.debug_abbrev,"",%progbits
 633              	.Ldebug_abbrev0:
 634 0000 01       		.uleb128 0x1
 635 0001 11       		.uleb128 0x11
 636 0002 01       		.byte	0x1
 637 0003 25       		.uleb128 0x25
 638 0004 0E       		.uleb128 0xe
 639 0005 13       		.uleb128 0x13
 640 0006 0B       		.uleb128 0xb
ARM GAS  C:\Users\NICKBU~1\AppData\Local\Temp\cc0b52tk.s 			page 15


 641 0007 03       		.uleb128 0x3
 642 0008 0E       		.uleb128 0xe
 643 0009 1B       		.uleb128 0x1b
 644 000a 0E       		.uleb128 0xe
 645 000b 55       		.uleb128 0x55
 646 000c 17       		.uleb128 0x17
 647 000d 11       		.uleb128 0x11
 648 000e 01       		.uleb128 0x1
 649 000f 10       		.uleb128 0x10
 650 0010 17       		.uleb128 0x17
 651 0011 00       		.byte	0
 652 0012 00       		.byte	0
 653 0013 02       		.uleb128 0x2
 654 0014 24       		.uleb128 0x24
 655 0015 00       		.byte	0
 656 0016 0B       		.uleb128 0xb
 657 0017 0B       		.uleb128 0xb
 658 0018 3E       		.uleb128 0x3e
 659 0019 0B       		.uleb128 0xb
 660 001a 03       		.uleb128 0x3
 661 001b 0E       		.uleb128 0xe
 662 001c 00       		.byte	0
 663 001d 00       		.byte	0
 664 001e 03       		.uleb128 0x3
 665 001f 16       		.uleb128 0x16
 666 0020 00       		.byte	0
 667 0021 03       		.uleb128 0x3
 668 0022 0E       		.uleb128 0xe
 669 0023 3A       		.uleb128 0x3a
 670 0024 0B       		.uleb128 0xb
 671 0025 3B       		.uleb128 0x3b
 672 0026 0B       		.uleb128 0xb
 673 0027 49       		.uleb128 0x49
 674 0028 13       		.uleb128 0x13
 675 0029 00       		.byte	0
 676 002a 00       		.byte	0
 677 002b 04       		.uleb128 0x4
 678 002c 24       		.uleb128 0x24
 679 002d 00       		.byte	0
 680 002e 0B       		.uleb128 0xb
 681 002f 0B       		.uleb128 0xb
 682 0030 3E       		.uleb128 0x3e
 683 0031 0B       		.uleb128 0xb
 684 0032 03       		.uleb128 0x3
 685 0033 08       		.uleb128 0x8
 686 0034 00       		.byte	0
 687 0035 00       		.byte	0
 688 0036 05       		.uleb128 0x5
 689 0037 16       		.uleb128 0x16
 690 0038 00       		.byte	0
 691 0039 03       		.uleb128 0x3
 692 003a 0E       		.uleb128 0xe
 693 003b 3A       		.uleb128 0x3a
 694 003c 0B       		.uleb128 0xb
 695 003d 3B       		.uleb128 0x3b
 696 003e 05       		.uleb128 0x5
 697 003f 49       		.uleb128 0x49
ARM GAS  C:\Users\NICKBU~1\AppData\Local\Temp\cc0b52tk.s 			page 16


 698 0040 13       		.uleb128 0x13
 699 0041 00       		.byte	0
 700 0042 00       		.byte	0
 701 0043 06       		.uleb128 0x6
 702 0044 0F       		.uleb128 0xf
 703 0045 00       		.byte	0
 704 0046 0B       		.uleb128 0xb
 705 0047 0B       		.uleb128 0xb
 706 0048 49       		.uleb128 0x49
 707 0049 13       		.uleb128 0x13
 708 004a 00       		.byte	0
 709 004b 00       		.byte	0
 710 004c 07       		.uleb128 0x7
 711 004d 15       		.uleb128 0x15
 712 004e 00       		.byte	0
 713 004f 27       		.uleb128 0x27
 714 0050 19       		.uleb128 0x19
 715 0051 00       		.byte	0
 716 0052 00       		.byte	0
 717 0053 08       		.uleb128 0x8
 718 0054 2E       		.uleb128 0x2e
 719 0055 00       		.byte	0
 720 0056 3F       		.uleb128 0x3f
 721 0057 19       		.uleb128 0x19
 722 0058 03       		.uleb128 0x3
 723 0059 0E       		.uleb128 0xe
 724 005a 3A       		.uleb128 0x3a
 725 005b 0B       		.uleb128 0xb
 726 005c 3B       		.uleb128 0x3b
 727 005d 0B       		.uleb128 0xb
 728 005e 27       		.uleb128 0x27
 729 005f 19       		.uleb128 0x19
 730 0060 11       		.uleb128 0x11
 731 0061 01       		.uleb128 0x1
 732 0062 12       		.uleb128 0x12
 733 0063 06       		.uleb128 0x6
 734 0064 40       		.uleb128 0x40
 735 0065 18       		.uleb128 0x18
 736 0066 9742     		.uleb128 0x2117
 737 0068 19       		.uleb128 0x19
 738 0069 00       		.byte	0
 739 006a 00       		.byte	0
 740 006b 09       		.uleb128 0x9
 741 006c 2E       		.uleb128 0x2e
 742 006d 01       		.byte	0x1
 743 006e 3F       		.uleb128 0x3f
 744 006f 19       		.uleb128 0x19
 745 0070 03       		.uleb128 0x3
 746 0071 0E       		.uleb128 0xe
 747 0072 3A       		.uleb128 0x3a
 748 0073 0B       		.uleb128 0xb
 749 0074 3B       		.uleb128 0x3b
 750 0075 0B       		.uleb128 0xb
 751 0076 27       		.uleb128 0x27
 752 0077 19       		.uleb128 0x19
 753 0078 11       		.uleb128 0x11
 754 0079 01       		.uleb128 0x1
ARM GAS  C:\Users\NICKBU~1\AppData\Local\Temp\cc0b52tk.s 			page 17


 755 007a 12       		.uleb128 0x12
 756 007b 06       		.uleb128 0x6
 757 007c 40       		.uleb128 0x40
 758 007d 18       		.uleb128 0x18
 759 007e 9742     		.uleb128 0x2117
 760 0080 19       		.uleb128 0x19
 761 0081 01       		.uleb128 0x1
 762 0082 13       		.uleb128 0x13
 763 0083 00       		.byte	0
 764 0084 00       		.byte	0
 765 0085 0A       		.uleb128 0xa
 766 0086 05       		.uleb128 0x5
 767 0087 00       		.byte	0
 768 0088 03       		.uleb128 0x3
 769 0089 0E       		.uleb128 0xe
 770 008a 3A       		.uleb128 0x3a
 771 008b 0B       		.uleb128 0xb
 772 008c 3B       		.uleb128 0x3b
 773 008d 0B       		.uleb128 0xb
 774 008e 49       		.uleb128 0x49
 775 008f 13       		.uleb128 0x13
 776 0090 02       		.uleb128 0x2
 777 0091 17       		.uleb128 0x17
 778 0092 00       		.byte	0
 779 0093 00       		.byte	0
 780 0094 0B       		.uleb128 0xb
 781 0095 34       		.uleb128 0x34
 782 0096 00       		.byte	0
 783 0097 03       		.uleb128 0x3
 784 0098 0E       		.uleb128 0xe
 785 0099 3A       		.uleb128 0x3a
 786 009a 0B       		.uleb128 0xb
 787 009b 3B       		.uleb128 0x3b
 788 009c 0B       		.uleb128 0xb
 789 009d 49       		.uleb128 0x49
 790 009e 13       		.uleb128 0x13
 791 009f 02       		.uleb128 0x2
 792 00a0 17       		.uleb128 0x17
 793 00a1 00       		.byte	0
 794 00a2 00       		.byte	0
 795 00a3 0C       		.uleb128 0xc
 796 00a4 2E       		.uleb128 0x2e
 797 00a5 01       		.byte	0x1
 798 00a6 3F       		.uleb128 0x3f
 799 00a7 19       		.uleb128 0x19
 800 00a8 03       		.uleb128 0x3
 801 00a9 0E       		.uleb128 0xe
 802 00aa 3A       		.uleb128 0x3a
 803 00ab 0B       		.uleb128 0xb
 804 00ac 3B       		.uleb128 0x3b
 805 00ad 0B       		.uleb128 0xb
 806 00ae 49       		.uleb128 0x49
 807 00af 13       		.uleb128 0x13
 808 00b0 3C       		.uleb128 0x3c
 809 00b1 19       		.uleb128 0x19
 810 00b2 01       		.uleb128 0x1
 811 00b3 13       		.uleb128 0x13
ARM GAS  C:\Users\NICKBU~1\AppData\Local\Temp\cc0b52tk.s 			page 18


 812 00b4 00       		.byte	0
 813 00b5 00       		.byte	0
 814 00b6 0D       		.uleb128 0xd
 815 00b7 18       		.uleb128 0x18
 816 00b8 00       		.byte	0
 817 00b9 00       		.byte	0
 818 00ba 00       		.byte	0
 819 00bb 0E       		.uleb128 0xe
 820 00bc 898201   		.uleb128 0x4109
 821 00bf 01       		.byte	0x1
 822 00c0 11       		.uleb128 0x11
 823 00c1 01       		.uleb128 0x1
 824 00c2 31       		.uleb128 0x31
 825 00c3 13       		.uleb128 0x13
 826 00c4 01       		.uleb128 0x1
 827 00c5 13       		.uleb128 0x13
 828 00c6 00       		.byte	0
 829 00c7 00       		.byte	0
 830 00c8 0F       		.uleb128 0xf
 831 00c9 8A8201   		.uleb128 0x410a
 832 00cc 00       		.byte	0
 833 00cd 02       		.uleb128 0x2
 834 00ce 18       		.uleb128 0x18
 835 00cf 9142     		.uleb128 0x2111
 836 00d1 18       		.uleb128 0x18
 837 00d2 00       		.byte	0
 838 00d3 00       		.byte	0
 839 00d4 10       		.uleb128 0x10
 840 00d5 898201   		.uleb128 0x4109
 841 00d8 01       		.byte	0x1
 842 00d9 11       		.uleb128 0x11
 843 00da 01       		.uleb128 0x1
 844 00db 31       		.uleb128 0x31
 845 00dc 13       		.uleb128 0x13
 846 00dd 00       		.byte	0
 847 00de 00       		.byte	0
 848 00df 11       		.uleb128 0x11
 849 00e0 2E       		.uleb128 0x2e
 850 00e1 01       		.byte	0x1
 851 00e2 3F       		.uleb128 0x3f
 852 00e3 19       		.uleb128 0x19
 853 00e4 03       		.uleb128 0x3
 854 00e5 0E       		.uleb128 0xe
 855 00e6 3A       		.uleb128 0x3a
 856 00e7 0B       		.uleb128 0xb
 857 00e8 3B       		.uleb128 0x3b
 858 00e9 0B       		.uleb128 0xb
 859 00ea 49       		.uleb128 0x49
 860 00eb 13       		.uleb128 0x13
 861 00ec 11       		.uleb128 0x11
 862 00ed 01       		.uleb128 0x1
 863 00ee 12       		.uleb128 0x12
 864 00ef 06       		.uleb128 0x6
 865 00f0 40       		.uleb128 0x40
 866 00f1 18       		.uleb128 0x18
 867 00f2 9742     		.uleb128 0x2117
 868 00f4 19       		.uleb128 0x19
ARM GAS  C:\Users\NICKBU~1\AppData\Local\Temp\cc0b52tk.s 			page 19


 869 00f5 01       		.uleb128 0x1
 870 00f6 13       		.uleb128 0x13
 871 00f7 00       		.byte	0
 872 00f8 00       		.byte	0
 873 00f9 12       		.uleb128 0x12
 874 00fa 34       		.uleb128 0x34
 875 00fb 00       		.byte	0
 876 00fc 03       		.uleb128 0x3
 877 00fd 0E       		.uleb128 0xe
 878 00fe 3A       		.uleb128 0x3a
 879 00ff 0B       		.uleb128 0xb
 880 0100 3B       		.uleb128 0x3b
 881 0101 0B       		.uleb128 0xb
 882 0102 49       		.uleb128 0x49
 883 0103 13       		.uleb128 0x13
 884 0104 02       		.uleb128 0x2
 885 0105 18       		.uleb128 0x18
 886 0106 00       		.byte	0
 887 0107 00       		.byte	0
 888 0108 13       		.uleb128 0x13
 889 0109 2E       		.uleb128 0x2e
 890 010a 00       		.byte	0
 891 010b 3F       		.uleb128 0x3f
 892 010c 19       		.uleb128 0x19
 893 010d 03       		.uleb128 0x3
 894 010e 0E       		.uleb128 0xe
 895 010f 3A       		.uleb128 0x3a
 896 0110 0B       		.uleb128 0xb
 897 0111 3B       		.uleb128 0x3b
 898 0112 0B       		.uleb128 0xb
 899 0113 49       		.uleb128 0x49
 900 0114 13       		.uleb128 0x13
 901 0115 11       		.uleb128 0x11
 902 0116 01       		.uleb128 0x1
 903 0117 12       		.uleb128 0x12
 904 0118 06       		.uleb128 0x6
 905 0119 40       		.uleb128 0x40
 906 011a 18       		.uleb128 0x18
 907 011b 9742     		.uleb128 0x2117
 908 011d 19       		.uleb128 0x19
 909 011e 00       		.byte	0
 910 011f 00       		.byte	0
 911 0120 14       		.uleb128 0x14
 912 0121 34       		.uleb128 0x34
 913 0122 00       		.byte	0
 914 0123 03       		.uleb128 0x3
 915 0124 0E       		.uleb128 0xe
 916 0125 3A       		.uleb128 0x3a
 917 0126 0B       		.uleb128 0xb
 918 0127 3B       		.uleb128 0x3b
 919 0128 0B       		.uleb128 0xb
 920 0129 49       		.uleb128 0x49
 921 012a 13       		.uleb128 0x13
 922 012b 1C       		.uleb128 0x1c
 923 012c 0B       		.uleb128 0xb
 924 012d 00       		.byte	0
 925 012e 00       		.byte	0
ARM GAS  C:\Users\NICKBU~1\AppData\Local\Temp\cc0b52tk.s 			page 20


 926 012f 15       		.uleb128 0x15
 927 0130 898201   		.uleb128 0x4109
 928 0133 00       		.byte	0
 929 0134 11       		.uleb128 0x11
 930 0135 01       		.uleb128 0x1
 931 0136 31       		.uleb128 0x31
 932 0137 13       		.uleb128 0x13
 933 0138 00       		.byte	0
 934 0139 00       		.byte	0
 935 013a 16       		.uleb128 0x16
 936 013b 34       		.uleb128 0x34
 937 013c 00       		.byte	0
 938 013d 03       		.uleb128 0x3
 939 013e 0E       		.uleb128 0xe
 940 013f 3A       		.uleb128 0x3a
 941 0140 0B       		.uleb128 0xb
 942 0141 3B       		.uleb128 0x3b
 943 0142 05       		.uleb128 0x5
 944 0143 49       		.uleb128 0x49
 945 0144 13       		.uleb128 0x13
 946 0145 3F       		.uleb128 0x3f
 947 0146 19       		.uleb128 0x19
 948 0147 3C       		.uleb128 0x3c
 949 0148 19       		.uleb128 0x19
 950 0149 00       		.byte	0
 951 014a 00       		.byte	0
 952 014b 17       		.uleb128 0x17
 953 014c 35       		.uleb128 0x35
 954 014d 00       		.byte	0
 955 014e 49       		.uleb128 0x49
 956 014f 13       		.uleb128 0x13
 957 0150 00       		.byte	0
 958 0151 00       		.byte	0
 959 0152 18       		.uleb128 0x18
 960 0153 34       		.uleb128 0x34
 961 0154 00       		.byte	0
 962 0155 03       		.uleb128 0x3
 963 0156 0E       		.uleb128 0xe
 964 0157 3A       		.uleb128 0x3a
 965 0158 0B       		.uleb128 0xb
 966 0159 3B       		.uleb128 0x3b
 967 015a 0B       		.uleb128 0xb
 968 015b 49       		.uleb128 0x49
 969 015c 13       		.uleb128 0x13
 970 015d 3F       		.uleb128 0x3f
 971 015e 19       		.uleb128 0x19
 972 015f 02       		.uleb128 0x2
 973 0160 18       		.uleb128 0x18
 974 0161 00       		.byte	0
 975 0162 00       		.byte	0
 976 0163 19       		.uleb128 0x19
 977 0164 01       		.uleb128 0x1
 978 0165 01       		.byte	0x1
 979 0166 49       		.uleb128 0x49
 980 0167 13       		.uleb128 0x13
 981 0168 01       		.uleb128 0x1
 982 0169 13       		.uleb128 0x13
ARM GAS  C:\Users\NICKBU~1\AppData\Local\Temp\cc0b52tk.s 			page 21


 983 016a 00       		.byte	0
 984 016b 00       		.byte	0
 985 016c 1A       		.uleb128 0x1a
 986 016d 21       		.uleb128 0x21
 987 016e 00       		.byte	0
 988 016f 49       		.uleb128 0x49
 989 0170 13       		.uleb128 0x13
 990 0171 2F       		.uleb128 0x2f
 991 0172 0B       		.uleb128 0xb
 992 0173 00       		.byte	0
 993 0174 00       		.byte	0
 994 0175 1B       		.uleb128 0x1b
 995 0176 2E       		.uleb128 0x2e
 996 0177 01       		.byte	0x1
 997 0178 3F       		.uleb128 0x3f
 998 0179 19       		.uleb128 0x19
 999 017a 03       		.uleb128 0x3
 1000 017b 0E       		.uleb128 0xe
 1001 017c 3A       		.uleb128 0x3a
 1002 017d 0B       		.uleb128 0xb
 1003 017e 3B       		.uleb128 0x3b
 1004 017f 0B       		.uleb128 0xb
 1005 0180 27       		.uleb128 0x27
 1006 0181 19       		.uleb128 0x19
 1007 0182 3C       		.uleb128 0x3c
 1008 0183 19       		.uleb128 0x19
 1009 0184 01       		.uleb128 0x1
 1010 0185 13       		.uleb128 0x13
 1011 0186 00       		.byte	0
 1012 0187 00       		.byte	0
 1013 0188 1C       		.uleb128 0x1c
 1014 0189 05       		.uleb128 0x5
 1015 018a 00       		.byte	0
 1016 018b 49       		.uleb128 0x49
 1017 018c 13       		.uleb128 0x13
 1018 018d 00       		.byte	0
 1019 018e 00       		.byte	0
 1020 018f 1D       		.uleb128 0x1d
 1021 0190 2E       		.uleb128 0x2e
 1022 0191 00       		.byte	0
 1023 0192 3F       		.uleb128 0x3f
 1024 0193 19       		.uleb128 0x19
 1025 0194 03       		.uleb128 0x3
 1026 0195 0E       		.uleb128 0xe
 1027 0196 3A       		.uleb128 0x3a
 1028 0197 0B       		.uleb128 0xb
 1029 0198 3B       		.uleb128 0x3b
 1030 0199 0B       		.uleb128 0xb
 1031 019a 27       		.uleb128 0x27
 1032 019b 19       		.uleb128 0x19
 1033 019c 3C       		.uleb128 0x3c
 1034 019d 19       		.uleb128 0x19
 1035 019e 00       		.byte	0
 1036 019f 00       		.byte	0
 1037 01a0 1E       		.uleb128 0x1e
 1038 01a1 2E       		.uleb128 0x2e
 1039 01a2 00       		.byte	0
ARM GAS  C:\Users\NICKBU~1\AppData\Local\Temp\cc0b52tk.s 			page 22


 1040 01a3 3F       		.uleb128 0x3f
 1041 01a4 19       		.uleb128 0x19
 1042 01a5 03       		.uleb128 0x3
 1043 01a6 0E       		.uleb128 0xe
 1044 01a7 3A       		.uleb128 0x3a
 1045 01a8 0B       		.uleb128 0xb
 1046 01a9 3B       		.uleb128 0x3b
 1047 01aa 0B       		.uleb128 0xb
 1048 01ab 27       		.uleb128 0x27
 1049 01ac 19       		.uleb128 0x19
 1050 01ad 49       		.uleb128 0x49
 1051 01ae 13       		.uleb128 0x13
 1052 01af 3C       		.uleb128 0x3c
 1053 01b0 19       		.uleb128 0x19
 1054 01b1 00       		.byte	0
 1055 01b2 00       		.byte	0
 1056 01b3 00       		.byte	0
 1057              		.section	.debug_loc,"",%progbits
 1058              	.Ldebug_loc0:
 1059              	.LLST0:
 1060 0000 00000000 		.4byte	.LVL0
 1061 0004 08000000 		.4byte	.LVL1
 1062 0008 0100     		.2byte	0x1
 1063 000a 50       		.byte	0x50
 1064 000b 08000000 		.4byte	.LVL1
 1065 000f 1C000000 		.4byte	.LFE63
 1066 0013 0400     		.2byte	0x4
 1067 0015 F3       		.byte	0xf3
 1068 0016 01       		.uleb128 0x1
 1069 0017 50       		.byte	0x50
 1070 0018 9F       		.byte	0x9f
 1071 0019 00000000 		.4byte	0
 1072 001d 00000000 		.4byte	0
 1073              	.LLST1:
 1074 0021 0A000000 		.4byte	.LVL2
 1075 0025 18000000 		.4byte	.LVL5
 1076 0029 0100     		.2byte	0x1
 1077 002b 54       		.byte	0x54
 1078 002c 18000000 		.4byte	.LVL5
 1079 0030 1C000000 		.4byte	.LFE63
 1080 0034 1000     		.2byte	0x10
 1081 0036 0C       		.byte	0xc
 1082 0037 006CDC02 		.4byte	0x2dc6c00
 1083 003b F7       		.byte	0xf7
 1084 003c 25       		.uleb128 0x25
 1085 003d F3       		.byte	0xf3
 1086 003e 01       		.uleb128 0x1
 1087 003f 50       		.byte	0x50
 1088 0040 F7       		.byte	0xf7
 1089 0041 25       		.uleb128 0x25
 1090 0042 1B       		.byte	0x1b
 1091 0043 F7       		.byte	0xf7
 1092 0044 00       		.uleb128 0
 1093 0045 9F       		.byte	0x9f
 1094 0046 00000000 		.4byte	0
 1095 004a 00000000 		.4byte	0
 1096              		.section	.debug_aranges,"",%progbits
ARM GAS  C:\Users\NICKBU~1\AppData\Local\Temp\cc0b52tk.s 			page 23


 1097 0000 3C000000 		.4byte	0x3c
 1098 0004 0200     		.2byte	0x2
 1099 0006 00000000 		.4byte	.Ldebug_info0
 1100 000a 04       		.byte	0x4
 1101 000b 00       		.byte	0
 1102 000c 0000     		.2byte	0
 1103 000e 0000     		.2byte	0
 1104 0010 00000000 		.4byte	.LFB66
 1105 0014 0C000000 		.4byte	.LFE66-.LFB66
 1106 0018 00000000 		.4byte	.LFB63
 1107 001c 1C000000 		.4byte	.LFE63-.LFB63
 1108 0020 00000000 		.4byte	.LFB64
 1109 0024 24000000 		.4byte	.LFE64-.LFB64
 1110 0028 00000000 		.4byte	.LFB65
 1111 002c 74000000 		.4byte	.LFE65-.LFB65
 1112 0030 00000000 		.4byte	.LFB67
 1113 0034 24000000 		.4byte	.LFE67-.LFB67
 1114 0038 00000000 		.4byte	0
 1115 003c 00000000 		.4byte	0
 1116              		.section	.debug_ranges,"",%progbits
 1117              	.Ldebug_ranges0:
 1118 0000 00000000 		.4byte	.LFB66
 1119 0004 0C000000 		.4byte	.LFE66
 1120 0008 00000000 		.4byte	.LFB63
 1121 000c 1C000000 		.4byte	.LFE63
 1122 0010 00000000 		.4byte	.LFB64
 1123 0014 24000000 		.4byte	.LFE64
 1124 0018 00000000 		.4byte	.LFB65
 1125 001c 74000000 		.4byte	.LFE65
 1126 0020 00000000 		.4byte	.LFB67
 1127 0024 24000000 		.4byte	.LFE67
 1128 0028 00000000 		.4byte	0
 1129 002c 00000000 		.4byte	0
 1130              		.section	.debug_line,"",%progbits
 1131              	.Ldebug_line0:
 1132 0000 E2010000 		.section	.debug_str,"MS",%progbits,1
 1132      02006C01 
 1132      00000201 
 1132      FB0E0D00 
 1132      01010101 
 1133              	.LASF4:
 1134 0000 5F5F7569 		.ascii	"__uint8_t\000"
 1134      6E74385F 
 1134      7400
 1135              	.LASF7:
 1136 000a 5F5F696E 		.ascii	"__int32_t\000"
 1136      7433325F 
 1136      7400
 1137              	.LASF26:
 1138 0014 70657269 		.ascii	"period\000"
 1138      6F6400
 1139              	.LASF35:
 1140 001b 66726571 		.ascii	"freqTable\000"
 1140      5461626C 
 1140      6500
 1141              	.LASF3:
 1142 0025 73686F72 		.ascii	"short int\000"
ARM GAS  C:\Users\NICKBU~1\AppData\Local\Temp\cc0b52tk.s 			page 24


 1142      7420696E 
 1142      7400
 1143              	.LASF27:
 1144 002f 63757272 		.ascii	"currentFrequency\000"
 1144      656E7446 
 1144      72657175 
 1144      656E6379 
 1144      00
 1145              	.LASF41:
 1146 0040 433A5C70 		.ascii	"C:\\projects\\POVDisplay\\POVBaseHBridge.cydsn\000"
 1146      726F6A65 
 1146      6374735C 
 1146      504F5644 
 1146      6973706C 
 1147              	.LASF15:
 1148 006c 696E7433 		.ascii	"int32_t\000"
 1148      325F7400 
 1149              	.LASF19:
 1150 0074 666C6F61 		.ascii	"float\000"
 1150      7400
 1151              	.LASF17:
 1152 007a 75696E74 		.ascii	"uint8\000"
 1152      3800
 1153              	.LASF31:
 1154 0080 6175746F 		.ascii	"autoSweep\000"
 1154      53776565 
 1154      7000
 1155              	.LASF33:
 1156 008a 62757474 		.ascii	"buttonPressed\000"
 1156      6F6E5072 
 1156      65737365 
 1156      6400
 1157              	.LASF2:
 1158 0098 756E7369 		.ascii	"unsigned char\000"
 1158      676E6564 
 1158      20636861 
 1158      7200
 1159              	.LASF9:
 1160 00a6 5F5F7569 		.ascii	"__uint32_t\000"
 1160      6E743332 
 1160      5F7400
 1161              	.LASF10:
 1162 00b1 6C6F6E67 		.ascii	"long unsigned int\000"
 1162      20756E73 
 1162      69676E65 
 1162      6420696E 
 1162      7400
 1163              	.LASF6:
 1164 00c3 73686F72 		.ascii	"short unsigned int\000"
 1164      7420756E 
 1164      7369676E 
 1164      65642069 
 1164      6E7400
 1165              	.LASF24:
 1166 00d6 73657446 		.ascii	"setFrequency\000"
 1166      72657175 
 1166      656E6379 
ARM GAS  C:\Users\NICKBU~1\AppData\Local\Temp\cc0b52tk.s 			page 25


 1166      00
 1167              	.LASF29:
 1168 00e3 73746570 		.ascii	"stepFrequency\000"
 1168      46726571 
 1168      75656E63 
 1168      7900
 1169              	.LASF32:
 1170 00f1 49544D5F 		.ascii	"ITM_RxBuffer\000"
 1170      52784275 
 1170      66666572 
 1170      00
 1171              	.LASF5:
 1172 00fe 5F5F7569 		.ascii	"__uint16_t\000"
 1172      6E743136 
 1172      5F7400
 1173              	.LASF20:
 1174 0109 646F7562 		.ascii	"double\000"
 1174      6C6500
 1175              	.LASF25:
 1176 0110 73746570 		.ascii	"stepFrequencyTable\000"
 1176      46726571 
 1176      75656E63 
 1176      79546162 
 1176      6C6500
 1177              	.LASF18:
 1178 0123 75696E74 		.ascii	"uint16\000"
 1178      313600
 1179              	.LASF39:
 1180 012a 474E5520 		.ascii	"GNU C 4.9.3 20150303 (release) [ARM/embedded-4_9-br"
 1180      4320342E 
 1180      392E3320 
 1180      32303135 
 1180      30333033 
 1181 015d 616E6368 		.ascii	"anch revision 221220] -mcpu=cortex-m3 -mthumb -g -O"
 1181      20726576 
 1181      6973696F 
 1181      6E203232 
 1181      31323230 
 1182 0190 67202D66 		.ascii	"g -ffunction-sections -ffat-lto-objects\000"
 1182      66756E63 
 1182      74696F6E 
 1182      2D736563 
 1182      74696F6E 
 1183              	.LASF0:
 1184 01b8 756E7369 		.ascii	"unsigned int\000"
 1184      676E6564 
 1184      20696E74 
 1184      00
 1185              	.LASF12:
 1186 01c5 6C6F6E67 		.ascii	"long long unsigned int\000"
 1186      206C6F6E 
 1186      6720756E 
 1186      7369676E 
 1186      65642069 
 1187              	.LASF13:
 1188 01dc 75696E74 		.ascii	"uint8_t\000"
 1188      385F7400 
ARM GAS  C:\Users\NICKBU~1\AppData\Local\Temp\cc0b52tk.s 			page 26


 1189              	.LASF36:
 1190 01e4 50574D5F 		.ascii	"PWM_WriteCompare1\000"
 1190      57726974 
 1190      65436F6D 
 1190      70617265 
 1190      3100
 1191              	.LASF22:
 1192 01f6 63796973 		.ascii	"cyisraddress\000"
 1192      72616464 
 1192      72657373 
 1192      00
 1193              	.LASF30:
 1194 0203 6D61696E 		.ascii	"main\000"
 1194      00
 1195              	.LASF37:
 1196 0208 50574D5F 		.ascii	"PWM_WritePeriod\000"
 1196      57726974 
 1196      65506572 
 1196      696F6400 
 1197              	.LASF28:
 1198 0218 62757474 		.ascii	"buttonISR\000"
 1198      6F6E4953 
 1198      5200
 1199              	.LASF23:
 1200 0222 73697A65 		.ascii	"sizetype\000"
 1200      74797065 
 1200      00
 1201              	.LASF11:
 1202 022b 6C6F6E67 		.ascii	"long long int\000"
 1202      206C6F6E 
 1202      6720696E 
 1202      7400
 1203              	.LASF40:
 1204 0239 6D61696E 		.ascii	"main.c\000"
 1204      2E6300
 1205              	.LASF21:
 1206 0240 63686172 		.ascii	"char\000"
 1206      00
 1207              	.LASF14:
 1208 0245 75696E74 		.ascii	"uint16_t\000"
 1208      31365F74 
 1208      00
 1209              	.LASF42:
 1210 024e 66726571 		.ascii	"freq\000"
 1210      00
 1211              	.LASF34:
 1212 0253 66726571 		.ascii	"freqTableIndex\000"
 1212      5461626C 
 1212      65496E64 
 1212      657800
 1213              	.LASF43:
 1214 0262 50574D5F 		.ascii	"PWM_Start\000"
 1214      53746172 
 1214      7400
 1215              	.LASF38:
 1216 026c 6973725F 		.ascii	"isr_button_StartEx\000"
 1216      62757474 
ARM GAS  C:\Users\NICKBU~1\AppData\Local\Temp\cc0b52tk.s 			page 27


 1216      6F6E5F53 
 1216      74617274 
 1216      457800
 1217              	.LASF16:
 1218 027f 75696E74 		.ascii	"uint32_t\000"
 1218      33325F74 
 1218      00
 1219              	.LASF8:
 1220 0288 6C6F6E67 		.ascii	"long int\000"
 1220      20696E74 
 1220      00
 1221              	.LASF1:
 1222 0291 7369676E 		.ascii	"signed char\000"
 1222      65642063 
 1222      68617200 
 1223              	.LASF44:
 1224 029d 42555454 		.ascii	"BUTTON_Read\000"
 1224      4F4E5F52 
 1224      65616400 
 1225              		.ident	"GCC: (GNU Tools for ARM Embedded Processors) 4.9.3 20150303 (release) [ARM/embedded-4_9-br
