ARM GAS  C:\Users\NICKBU~1\AppData\Local\Temp\cc0lEDHJ.s 			page 1


   1              		.syntax unified
   2              		.cpu cortex-m3
   3              		.fpu softvfp
   4              		.eabi_attribute 20, 1
   5              		.eabi_attribute 21, 1
   6              		.eabi_attribute 23, 3
   7              		.eabi_attribute 24, 1
   8              		.eabi_attribute 25, 1
   9              		.eabi_attribute 26, 1
  10              		.eabi_attribute 30, 1
  11              		.eabi_attribute 34, 1
  12              		.eabi_attribute 18, 4
  13              		.thumb
  14              		.file	"PWM_PM.c"
  15              		.text
  16              	.Ltext0:
  17              		.cfi_sections	.debug_frame
  18              		.section	.text.PWM_SaveConfig,"ax",%progbits
  19              		.align	2
  20              		.global	PWM_SaveConfig
  21              		.thumb
  22              		.thumb_func
  23              		.type	PWM_SaveConfig, %function
  24              	PWM_SaveConfig:
  25              	.LFB0:
  26              		.file 1 "Generated_Source\\PSoC5\\PWM_PM.c"
   1:Generated_Source\PSoC5/PWM_PM.c **** /*******************************************************************************
   2:Generated_Source\PSoC5/PWM_PM.c **** * File Name: PWM_PM.c
   3:Generated_Source\PSoC5/PWM_PM.c **** * Version 3.30
   4:Generated_Source\PSoC5/PWM_PM.c **** *
   5:Generated_Source\PSoC5/PWM_PM.c **** * Description:
   6:Generated_Source\PSoC5/PWM_PM.c **** *  This file provides the power management source code to API for the
   7:Generated_Source\PSoC5/PWM_PM.c **** *  PWM.
   8:Generated_Source\PSoC5/PWM_PM.c **** *
   9:Generated_Source\PSoC5/PWM_PM.c **** * Note:
  10:Generated_Source\PSoC5/PWM_PM.c **** *
  11:Generated_Source\PSoC5/PWM_PM.c **** ********************************************************************************
  12:Generated_Source\PSoC5/PWM_PM.c **** * Copyright 2008-2014, Cypress Semiconductor Corporation.  All rights reserved.
  13:Generated_Source\PSoC5/PWM_PM.c **** * You may use this file only in accordance with the license, terms, conditions,
  14:Generated_Source\PSoC5/PWM_PM.c **** * disclaimers, and limitations in the end user license agreement accompanying
  15:Generated_Source\PSoC5/PWM_PM.c **** * the software package with which this file was provided.
  16:Generated_Source\PSoC5/PWM_PM.c **** *******************************************************************************/
  17:Generated_Source\PSoC5/PWM_PM.c **** 
  18:Generated_Source\PSoC5/PWM_PM.c **** #include "PWM.h"
  19:Generated_Source\PSoC5/PWM_PM.c **** 
  20:Generated_Source\PSoC5/PWM_PM.c **** static PWM_backupStruct PWM_backup;
  21:Generated_Source\PSoC5/PWM_PM.c **** 
  22:Generated_Source\PSoC5/PWM_PM.c **** 
  23:Generated_Source\PSoC5/PWM_PM.c **** /*******************************************************************************
  24:Generated_Source\PSoC5/PWM_PM.c **** * Function Name: PWM_SaveConfig
  25:Generated_Source\PSoC5/PWM_PM.c **** ********************************************************************************
  26:Generated_Source\PSoC5/PWM_PM.c **** *
  27:Generated_Source\PSoC5/PWM_PM.c **** * Summary:
  28:Generated_Source\PSoC5/PWM_PM.c **** *  Saves the current user configuration of the component.
  29:Generated_Source\PSoC5/PWM_PM.c **** *
  30:Generated_Source\PSoC5/PWM_PM.c **** * Parameters:
  31:Generated_Source\PSoC5/PWM_PM.c **** *  None
ARM GAS  C:\Users\NICKBU~1\AppData\Local\Temp\cc0lEDHJ.s 			page 2


  32:Generated_Source\PSoC5/PWM_PM.c **** *
  33:Generated_Source\PSoC5/PWM_PM.c **** * Return:
  34:Generated_Source\PSoC5/PWM_PM.c **** *  None
  35:Generated_Source\PSoC5/PWM_PM.c **** *
  36:Generated_Source\PSoC5/PWM_PM.c **** * Global variables:
  37:Generated_Source\PSoC5/PWM_PM.c **** *  PWM_backup:  Variables of this global structure are modified to
  38:Generated_Source\PSoC5/PWM_PM.c **** *  store the values of non retention configuration registers when Sleep() API is
  39:Generated_Source\PSoC5/PWM_PM.c **** *  called.
  40:Generated_Source\PSoC5/PWM_PM.c **** *
  41:Generated_Source\PSoC5/PWM_PM.c **** *******************************************************************************/
  42:Generated_Source\PSoC5/PWM_PM.c **** void PWM_SaveConfig(void) 
  43:Generated_Source\PSoC5/PWM_PM.c **** {
  27              		.loc 1 43 0
  28              		.cfi_startproc
  29              		@ args = 0, pretend = 0, frame = 0
  30              		@ frame_needed = 0, uses_anonymous_args = 0
  31 0000 10B5     		push	{r4, lr}
  32              		.cfi_def_cfa_offset 8
  33              		.cfi_offset 4, -8
  34              		.cfi_offset 14, -4
  44:Generated_Source\PSoC5/PWM_PM.c **** 
  45:Generated_Source\PSoC5/PWM_PM.c ****     #if(!PWM_UsingFixedFunction)
  46:Generated_Source\PSoC5/PWM_PM.c ****         #if(!PWM_PWMModeIsCenterAligned)
  47:Generated_Source\PSoC5/PWM_PM.c ****             PWM_backup.PWMPeriod = PWM_ReadPeriod();
  35              		.loc 1 47 0
  36 0002 FFF7FEFF 		bl	PWM_ReadPeriod
  37              	.LVL0:
  38 0006 074C     		ldr	r4, .L3
  39 0008 A080     		strh	r0, [r4, #4]	@ movhi
  48:Generated_Source\PSoC5/PWM_PM.c ****         #endif /* (!PWM_PWMModeIsCenterAligned) */
  49:Generated_Source\PSoC5/PWM_PM.c ****         PWM_backup.PWMUdb = PWM_ReadCounter();
  40              		.loc 1 49 0
  41 000a FFF7FEFF 		bl	PWM_ReadCounter
  42              	.LVL1:
  43 000e 6080     		strh	r0, [r4, #2]	@ movhi
  50:Generated_Source\PSoC5/PWM_PM.c ****         #if (PWM_UseStatus)
  51:Generated_Source\PSoC5/PWM_PM.c ****             PWM_backup.InterruptMaskValue = PWM_STATUS_MASK;
  44              		.loc 1 51 0
  45 0010 054B     		ldr	r3, .L3+4
  46 0012 1B78     		ldrb	r3, [r3]	@ zero_extendqisi2
  47 0014 A371     		strb	r3, [r4, #6]
  52:Generated_Source\PSoC5/PWM_PM.c ****         #endif /* (PWM_UseStatus) */
  53:Generated_Source\PSoC5/PWM_PM.c **** 
  54:Generated_Source\PSoC5/PWM_PM.c ****         #if(PWM_DeadBandMode == PWM__B_PWM__DBM_256_CLOCKS || \
  55:Generated_Source\PSoC5/PWM_PM.c ****             PWM_DeadBandMode == PWM__B_PWM__DBM_2_4_CLOCKS)
  56:Generated_Source\PSoC5/PWM_PM.c ****             PWM_backup.PWMdeadBandValue = PWM_ReadDeadTime();
  48              		.loc 1 56 0
  49 0016 FFF7FEFF 		bl	PWM_ReadDeadTime
  50              	.LVL2:
  51 001a E071     		strb	r0, [r4, #7]
  57:Generated_Source\PSoC5/PWM_PM.c ****         #endif /*  deadband count is either 2-4 clocks or 256 clocks */
  58:Generated_Source\PSoC5/PWM_PM.c **** 
  59:Generated_Source\PSoC5/PWM_PM.c ****         #if(PWM_KillModeMinTime)
  60:Generated_Source\PSoC5/PWM_PM.c ****              PWM_backup.PWMKillCounterPeriod = PWM_ReadKillTime();
  61:Generated_Source\PSoC5/PWM_PM.c ****         #endif /* (PWM_KillModeMinTime) */
  62:Generated_Source\PSoC5/PWM_PM.c **** 
  63:Generated_Source\PSoC5/PWM_PM.c ****         #if(PWM_UseControl)
ARM GAS  C:\Users\NICKBU~1\AppData\Local\Temp\cc0lEDHJ.s 			page 3


  64:Generated_Source\PSoC5/PWM_PM.c ****             PWM_backup.PWMControlRegister = PWM_ReadControlRegister();
  52              		.loc 1 64 0
  53 001c FFF7FEFF 		bl	PWM_ReadControlRegister
  54              	.LVL3:
  55 0020 2072     		strb	r0, [r4, #8]
  56 0022 10BD     		pop	{r4, pc}
  57              	.L4:
  58              		.align	2
  59              	.L3:
  60 0024 00000000 		.word	.LANCHOR0
  61 0028 85650040 		.word	1073767813
  62              		.cfi_endproc
  63              	.LFE0:
  64              		.size	PWM_SaveConfig, .-PWM_SaveConfig
  65              		.section	.text.PWM_RestoreConfig,"ax",%progbits
  66              		.align	2
  67              		.global	PWM_RestoreConfig
  68              		.thumb
  69              		.thumb_func
  70              		.type	PWM_RestoreConfig, %function
  71              	PWM_RestoreConfig:
  72              	.LFB1:
  65:Generated_Source\PSoC5/PWM_PM.c ****         #endif /* (PWM_UseControl) */
  66:Generated_Source\PSoC5/PWM_PM.c ****     #endif  /* (!PWM_UsingFixedFunction) */
  67:Generated_Source\PSoC5/PWM_PM.c **** }
  68:Generated_Source\PSoC5/PWM_PM.c **** 
  69:Generated_Source\PSoC5/PWM_PM.c **** 
  70:Generated_Source\PSoC5/PWM_PM.c **** /*******************************************************************************
  71:Generated_Source\PSoC5/PWM_PM.c **** * Function Name: PWM_RestoreConfig
  72:Generated_Source\PSoC5/PWM_PM.c **** ********************************************************************************
  73:Generated_Source\PSoC5/PWM_PM.c **** *
  74:Generated_Source\PSoC5/PWM_PM.c **** * Summary:
  75:Generated_Source\PSoC5/PWM_PM.c **** *  Restores the current user configuration of the component.
  76:Generated_Source\PSoC5/PWM_PM.c **** *
  77:Generated_Source\PSoC5/PWM_PM.c **** * Parameters:
  78:Generated_Source\PSoC5/PWM_PM.c **** *  None
  79:Generated_Source\PSoC5/PWM_PM.c **** *
  80:Generated_Source\PSoC5/PWM_PM.c **** * Return:
  81:Generated_Source\PSoC5/PWM_PM.c **** *  None
  82:Generated_Source\PSoC5/PWM_PM.c **** *
  83:Generated_Source\PSoC5/PWM_PM.c **** * Global variables:
  84:Generated_Source\PSoC5/PWM_PM.c **** *  PWM_backup:  Variables of this global structure are used to
  85:Generated_Source\PSoC5/PWM_PM.c **** *  restore the values of non retention registers on wakeup from sleep mode.
  86:Generated_Source\PSoC5/PWM_PM.c **** *
  87:Generated_Source\PSoC5/PWM_PM.c **** *******************************************************************************/
  88:Generated_Source\PSoC5/PWM_PM.c **** void PWM_RestoreConfig(void) 
  89:Generated_Source\PSoC5/PWM_PM.c **** {
  73              		.loc 1 89 0
  74              		.cfi_startproc
  75              		@ args = 0, pretend = 0, frame = 0
  76              		@ frame_needed = 0, uses_anonymous_args = 0
  77 0000 10B5     		push	{r4, lr}
  78              		.cfi_def_cfa_offset 8
  79              		.cfi_offset 4, -8
  80              		.cfi_offset 14, -4
  90:Generated_Source\PSoC5/PWM_PM.c ****         #if(!PWM_UsingFixedFunction)
  91:Generated_Source\PSoC5/PWM_PM.c ****             #if(!PWM_PWMModeIsCenterAligned)
ARM GAS  C:\Users\NICKBU~1\AppData\Local\Temp\cc0lEDHJ.s 			page 4


  92:Generated_Source\PSoC5/PWM_PM.c ****                 PWM_WritePeriod(PWM_backup.PWMPeriod);
  81              		.loc 1 92 0
  82 0002 084C     		ldr	r4, .L7
  83 0004 A088     		ldrh	r0, [r4, #4]
  84 0006 FFF7FEFF 		bl	PWM_WritePeriod
  85              	.LVL4:
  93:Generated_Source\PSoC5/PWM_PM.c ****             #endif /* (!PWM_PWMModeIsCenterAligned) */
  94:Generated_Source\PSoC5/PWM_PM.c **** 
  95:Generated_Source\PSoC5/PWM_PM.c ****             PWM_WriteCounter(PWM_backup.PWMUdb);
  86              		.loc 1 95 0
  87 000a 6088     		ldrh	r0, [r4, #2]
  88 000c FFF7FEFF 		bl	PWM_WriteCounter
  89              	.LVL5:
  96:Generated_Source\PSoC5/PWM_PM.c **** 
  97:Generated_Source\PSoC5/PWM_PM.c ****             #if (PWM_UseStatus)
  98:Generated_Source\PSoC5/PWM_PM.c ****                 PWM_STATUS_MASK = PWM_backup.InterruptMaskValue;
  90              		.loc 1 98 0
  91 0010 A279     		ldrb	r2, [r4, #6]	@ zero_extendqisi2
  92 0012 054B     		ldr	r3, .L7+4
  93 0014 1A70     		strb	r2, [r3]
  99:Generated_Source\PSoC5/PWM_PM.c ****             #endif /* (PWM_UseStatus) */
 100:Generated_Source\PSoC5/PWM_PM.c **** 
 101:Generated_Source\PSoC5/PWM_PM.c ****             #if(PWM_DeadBandMode == PWM__B_PWM__DBM_256_CLOCKS || \
 102:Generated_Source\PSoC5/PWM_PM.c ****                 PWM_DeadBandMode == PWM__B_PWM__DBM_2_4_CLOCKS)
 103:Generated_Source\PSoC5/PWM_PM.c ****                 PWM_WriteDeadTime(PWM_backup.PWMdeadBandValue);
  94              		.loc 1 103 0
  95 0016 E079     		ldrb	r0, [r4, #7]	@ zero_extendqisi2
  96 0018 FFF7FEFF 		bl	PWM_WriteDeadTime
  97              	.LVL6:
 104:Generated_Source\PSoC5/PWM_PM.c ****             #endif /* deadband count is either 2-4 clocks or 256 clocks */
 105:Generated_Source\PSoC5/PWM_PM.c **** 
 106:Generated_Source\PSoC5/PWM_PM.c ****             #if(PWM_KillModeMinTime)
 107:Generated_Source\PSoC5/PWM_PM.c ****                 PWM_WriteKillTime(PWM_backup.PWMKillCounterPeriod);
 108:Generated_Source\PSoC5/PWM_PM.c ****             #endif /* (PWM_KillModeMinTime) */
 109:Generated_Source\PSoC5/PWM_PM.c **** 
 110:Generated_Source\PSoC5/PWM_PM.c ****             #if(PWM_UseControl)
 111:Generated_Source\PSoC5/PWM_PM.c ****                 PWM_WriteControlRegister(PWM_backup.PWMControlRegister);
  98              		.loc 1 111 0
  99 001c 207A     		ldrb	r0, [r4, #8]	@ zero_extendqisi2
 100 001e FFF7FEFF 		bl	PWM_WriteControlRegister
 101              	.LVL7:
 102 0022 10BD     		pop	{r4, pc}
 103              	.L8:
 104              		.align	2
 105              	.L7:
 106 0024 00000000 		.word	.LANCHOR0
 107 0028 85650040 		.word	1073767813
 108              		.cfi_endproc
 109              	.LFE1:
 110              		.size	PWM_RestoreConfig, .-PWM_RestoreConfig
 111              		.section	.text.PWM_Sleep,"ax",%progbits
 112              		.align	2
 113              		.global	PWM_Sleep
 114              		.thumb
 115              		.thumb_func
 116              		.type	PWM_Sleep, %function
 117              	PWM_Sleep:
ARM GAS  C:\Users\NICKBU~1\AppData\Local\Temp\cc0lEDHJ.s 			page 5


 118              	.LFB2:
 112:Generated_Source\PSoC5/PWM_PM.c ****             #endif /* (PWM_UseControl) */
 113:Generated_Source\PSoC5/PWM_PM.c ****         #endif  /* (!PWM_UsingFixedFunction) */
 114:Generated_Source\PSoC5/PWM_PM.c ****     }
 115:Generated_Source\PSoC5/PWM_PM.c **** 
 116:Generated_Source\PSoC5/PWM_PM.c **** 
 117:Generated_Source\PSoC5/PWM_PM.c **** /*******************************************************************************
 118:Generated_Source\PSoC5/PWM_PM.c **** * Function Name: PWM_Sleep
 119:Generated_Source\PSoC5/PWM_PM.c **** ********************************************************************************
 120:Generated_Source\PSoC5/PWM_PM.c **** *
 121:Generated_Source\PSoC5/PWM_PM.c **** * Summary:
 122:Generated_Source\PSoC5/PWM_PM.c **** *  Disables block's operation and saves the user configuration. Should be called
 123:Generated_Source\PSoC5/PWM_PM.c **** *  just prior to entering sleep.
 124:Generated_Source\PSoC5/PWM_PM.c **** *
 125:Generated_Source\PSoC5/PWM_PM.c **** * Parameters:
 126:Generated_Source\PSoC5/PWM_PM.c **** *  None
 127:Generated_Source\PSoC5/PWM_PM.c **** *
 128:Generated_Source\PSoC5/PWM_PM.c **** * Return:
 129:Generated_Source\PSoC5/PWM_PM.c **** *  None
 130:Generated_Source\PSoC5/PWM_PM.c **** *
 131:Generated_Source\PSoC5/PWM_PM.c **** * Global variables:
 132:Generated_Source\PSoC5/PWM_PM.c **** *  PWM_backup.PWMEnableState:  Is modified depending on the enable
 133:Generated_Source\PSoC5/PWM_PM.c **** *  state of the block before entering sleep mode.
 134:Generated_Source\PSoC5/PWM_PM.c **** *
 135:Generated_Source\PSoC5/PWM_PM.c **** *******************************************************************************/
 136:Generated_Source\PSoC5/PWM_PM.c **** void PWM_Sleep(void) 
 137:Generated_Source\PSoC5/PWM_PM.c **** {
 119              		.loc 1 137 0
 120              		.cfi_startproc
 121              		@ args = 0, pretend = 0, frame = 0
 122              		@ frame_needed = 0, uses_anonymous_args = 0
 123 0000 08B5     		push	{r3, lr}
 124              		.cfi_def_cfa_offset 8
 125              		.cfi_offset 3, -8
 126              		.cfi_offset 14, -4
 138:Generated_Source\PSoC5/PWM_PM.c ****     #if(PWM_UseControl)
 139:Generated_Source\PSoC5/PWM_PM.c ****         if(PWM_CTRL_ENABLE == (PWM_CONTROL & PWM_CTRL_ENABLE))
 127              		.loc 1 139 0
 128 0002 084B     		ldr	r3, .L13
 129 0004 1B78     		ldrb	r3, [r3]	@ zero_extendqisi2
 130 0006 13F0800F 		tst	r3, #128
 131 000a 03D0     		beq	.L10
 140:Generated_Source\PSoC5/PWM_PM.c ****         {
 141:Generated_Source\PSoC5/PWM_PM.c ****             /*Component is enabled */
 142:Generated_Source\PSoC5/PWM_PM.c ****             PWM_backup.PWMEnableState = 1u;
 132              		.loc 1 142 0
 133 000c 0122     		movs	r2, #1
 134 000e 064B     		ldr	r3, .L13+4
 135 0010 1A70     		strb	r2, [r3]
 136 0012 02E0     		b	.L11
 137              	.L10:
 143:Generated_Source\PSoC5/PWM_PM.c ****         }
 144:Generated_Source\PSoC5/PWM_PM.c ****         else
 145:Generated_Source\PSoC5/PWM_PM.c ****         {
 146:Generated_Source\PSoC5/PWM_PM.c ****             /* Component is disabled */
 147:Generated_Source\PSoC5/PWM_PM.c ****             PWM_backup.PWMEnableState = 0u;
 138              		.loc 1 147 0
ARM GAS  C:\Users\NICKBU~1\AppData\Local\Temp\cc0lEDHJ.s 			page 6


 139 0014 0022     		movs	r2, #0
 140 0016 044B     		ldr	r3, .L13+4
 141 0018 1A70     		strb	r2, [r3]
 142              	.L11:
 148:Generated_Source\PSoC5/PWM_PM.c ****         }
 149:Generated_Source\PSoC5/PWM_PM.c ****     #endif /* (PWM_UseControl) */
 150:Generated_Source\PSoC5/PWM_PM.c **** 
 151:Generated_Source\PSoC5/PWM_PM.c ****     /* Stop component */
 152:Generated_Source\PSoC5/PWM_PM.c ****     PWM_Stop();
 143              		.loc 1 152 0
 144 001a FFF7FEFF 		bl	PWM_Stop
 145              	.LVL8:
 153:Generated_Source\PSoC5/PWM_PM.c **** 
 154:Generated_Source\PSoC5/PWM_PM.c ****     /* Save registers configuration */
 155:Generated_Source\PSoC5/PWM_PM.c ****     PWM_SaveConfig();
 146              		.loc 1 155 0
 147 001e FFF7FEFF 		bl	PWM_SaveConfig
 148              	.LVL9:
 149 0022 08BD     		pop	{r3, pc}
 150              	.L14:
 151              		.align	2
 152              	.L13:
 153 0024 76650040 		.word	1073767798
 154 0028 00000000 		.word	.LANCHOR0
 155              		.cfi_endproc
 156              	.LFE2:
 157              		.size	PWM_Sleep, .-PWM_Sleep
 158              		.section	.text.PWM_Wakeup,"ax",%progbits
 159              		.align	2
 160              		.global	PWM_Wakeup
 161              		.thumb
 162              		.thumb_func
 163              		.type	PWM_Wakeup, %function
 164              	PWM_Wakeup:
 165              	.LFB3:
 156:Generated_Source\PSoC5/PWM_PM.c **** }
 157:Generated_Source\PSoC5/PWM_PM.c **** 
 158:Generated_Source\PSoC5/PWM_PM.c **** 
 159:Generated_Source\PSoC5/PWM_PM.c **** /*******************************************************************************
 160:Generated_Source\PSoC5/PWM_PM.c **** * Function Name: PWM_Wakeup
 161:Generated_Source\PSoC5/PWM_PM.c **** ********************************************************************************
 162:Generated_Source\PSoC5/PWM_PM.c **** *
 163:Generated_Source\PSoC5/PWM_PM.c **** * Summary:
 164:Generated_Source\PSoC5/PWM_PM.c **** *  Restores and enables the user configuration. Should be called just after
 165:Generated_Source\PSoC5/PWM_PM.c **** *  awaking from sleep.
 166:Generated_Source\PSoC5/PWM_PM.c **** *
 167:Generated_Source\PSoC5/PWM_PM.c **** * Parameters:
 168:Generated_Source\PSoC5/PWM_PM.c **** *  None
 169:Generated_Source\PSoC5/PWM_PM.c **** *
 170:Generated_Source\PSoC5/PWM_PM.c **** * Return:
 171:Generated_Source\PSoC5/PWM_PM.c **** *  None
 172:Generated_Source\PSoC5/PWM_PM.c **** *
 173:Generated_Source\PSoC5/PWM_PM.c **** * Global variables:
 174:Generated_Source\PSoC5/PWM_PM.c **** *  PWM_backup.pwmEnable:  Is used to restore the enable state of
 175:Generated_Source\PSoC5/PWM_PM.c **** *  block on wakeup from sleep mode.
 176:Generated_Source\PSoC5/PWM_PM.c **** *
 177:Generated_Source\PSoC5/PWM_PM.c **** *******************************************************************************/
ARM GAS  C:\Users\NICKBU~1\AppData\Local\Temp\cc0lEDHJ.s 			page 7


 178:Generated_Source\PSoC5/PWM_PM.c **** void PWM_Wakeup(void) 
 179:Generated_Source\PSoC5/PWM_PM.c **** {
 166              		.loc 1 179 0
 167              		.cfi_startproc
 168              		@ args = 0, pretend = 0, frame = 0
 169              		@ frame_needed = 0, uses_anonymous_args = 0
 170 0000 08B5     		push	{r3, lr}
 171              		.cfi_def_cfa_offset 8
 172              		.cfi_offset 3, -8
 173              		.cfi_offset 14, -4
 180:Generated_Source\PSoC5/PWM_PM.c ****      /* Restore registers values */
 181:Generated_Source\PSoC5/PWM_PM.c ****     PWM_RestoreConfig();
 174              		.loc 1 181 0
 175 0002 FFF7FEFF 		bl	PWM_RestoreConfig
 176              	.LVL10:
 182:Generated_Source\PSoC5/PWM_PM.c **** 
 183:Generated_Source\PSoC5/PWM_PM.c ****     if(PWM_backup.PWMEnableState != 0u)
 177              		.loc 1 183 0
 178 0006 034B     		ldr	r3, .L18
 179 0008 1B78     		ldrb	r3, [r3]	@ zero_extendqisi2
 180 000a 0BB1     		cbz	r3, .L15
 184:Generated_Source\PSoC5/PWM_PM.c ****     {
 185:Generated_Source\PSoC5/PWM_PM.c ****         /* Enable component's operation */
 186:Generated_Source\PSoC5/PWM_PM.c ****         PWM_Enable();
 181              		.loc 1 186 0
 182 000c FFF7FEFF 		bl	PWM_Enable
 183              	.LVL11:
 184              	.L15:
 185 0010 08BD     		pop	{r3, pc}
 186              	.L19:
 187 0012 00BF     		.align	2
 188              	.L18:
 189 0014 00000000 		.word	.LANCHOR0
 190              		.cfi_endproc
 191              	.LFE3:
 192              		.size	PWM_Wakeup, .-PWM_Wakeup
 193              		.bss
 194              		.align	2
 195              		.set	.LANCHOR0,. + 0
 196              		.type	PWM_backup, %object
 197              		.size	PWM_backup, 10
 198              	PWM_backup:
 199 0000 00000000 		.space	10
 199      00000000 
 199      0000
 200 000a 0000     		.text
 201              	.Letext0:
 202              		.file 2 "Generated_Source\\PSoC5\\cytypes.h"
 203              		.file 3 "Generated_Source\\PSoC5\\PWM.h"
 204              		.section	.debug_info,"",%progbits
 205              	.Ldebug_info0:
 206 0000 5C020000 		.4byte	0x25c
 207 0004 0400     		.2byte	0x4
 208 0006 00000000 		.4byte	.Ldebug_abbrev0
 209 000a 04       		.byte	0x4
 210 000b 01       		.uleb128 0x1
 211 000c 16010000 		.4byte	.LASF37
ARM GAS  C:\Users\NICKBU~1\AppData\Local\Temp\cc0lEDHJ.s 			page 8


 212 0010 01       		.byte	0x1
 213 0011 AB020000 		.4byte	.LASF38
 214 0015 48000000 		.4byte	.LASF39
 215 0019 00000000 		.4byte	.Ldebug_ranges0+0
 216 001d 00000000 		.4byte	0
 217 0021 00000000 		.4byte	.Ldebug_line0
 218 0025 02       		.uleb128 0x2
 219 0026 01       		.byte	0x1
 220 0027 06       		.byte	0x6
 221 0028 94020000 		.4byte	.LASF0
 222 002c 02       		.uleb128 0x2
 223 002d 01       		.byte	0x1
 224 002e 08       		.byte	0x8
 225 002f 96000000 		.4byte	.LASF1
 226 0033 02       		.uleb128 0x2
 227 0034 02       		.byte	0x2
 228 0035 05       		.byte	0x5
 229 0036 4F020000 		.4byte	.LASF2
 230 003a 02       		.uleb128 0x2
 231 003b 02       		.byte	0x2
 232 003c 07       		.byte	0x7
 233 003d 16000000 		.4byte	.LASF3
 234 0041 02       		.uleb128 0x2
 235 0042 04       		.byte	0x4
 236 0043 05       		.byte	0x5
 237 0044 73020000 		.4byte	.LASF4
 238 0048 02       		.uleb128 0x2
 239 0049 04       		.byte	0x4
 240 004a 07       		.byte	0x7
 241 004b B3000000 		.4byte	.LASF5
 242 004f 02       		.uleb128 0x2
 243 0050 08       		.byte	0x8
 244 0051 05       		.byte	0x5
 245 0052 03020000 		.4byte	.LASF6
 246 0056 02       		.uleb128 0x2
 247 0057 08       		.byte	0x8
 248 0058 07       		.byte	0x7
 249 0059 C9010000 		.4byte	.LASF7
 250 005d 03       		.uleb128 0x3
 251 005e 04       		.byte	0x4
 252 005f 05       		.byte	0x5
 253 0060 696E7400 		.ascii	"int\000"
 254 0064 02       		.uleb128 0x2
 255 0065 04       		.byte	0x4
 256 0066 07       		.byte	0x7
 257 0067 29000000 		.4byte	.LASF8
 258 006b 04       		.uleb128 0x4
 259 006c D5000000 		.4byte	.LASF9
 260 0070 02       		.byte	0x2
 261 0071 9201     		.2byte	0x192
 262 0073 2C000000 		.4byte	0x2c
 263 0077 04       		.uleb128 0x4
 264 0078 0F010000 		.4byte	.LASF10
 265 007c 02       		.byte	0x2
 266 007d 9301     		.2byte	0x193
 267 007f 3A000000 		.4byte	0x3a
 268 0083 02       		.uleb128 0x2
ARM GAS  C:\Users\NICKBU~1\AppData\Local\Temp\cc0lEDHJ.s 			page 9


 269 0084 04       		.byte	0x4
 270 0085 04       		.byte	0x4
 271 0086 85000000 		.4byte	.LASF11
 272 008a 02       		.uleb128 0x2
 273 008b 08       		.byte	0x8
 274 008c 04       		.byte	0x4
 275 008d F9000000 		.4byte	.LASF12
 276 0091 02       		.uleb128 0x2
 277 0092 01       		.byte	0x1
 278 0093 08       		.byte	0x8
 279 0094 11020000 		.4byte	.LASF13
 280 0098 04       		.uleb128 0x4
 281 0099 07000000 		.4byte	.LASF14
 282 009d 02       		.byte	0x2
 283 009e 3C02     		.2byte	0x23c
 284 00a0 A4000000 		.4byte	0xa4
 285 00a4 05       		.uleb128 0x5
 286 00a5 6B000000 		.4byte	0x6b
 287 00a9 02       		.uleb128 0x2
 288 00aa 04       		.byte	0x4
 289 00ab 07       		.byte	0x7
 290 00ac FA010000 		.4byte	.LASF15
 291 00b0 06       		.uleb128 0x6
 292 00b1 0A       		.byte	0xa
 293 00b2 03       		.byte	0x3
 294 00b3 6B       		.byte	0x6b
 295 00b4 01010000 		.4byte	0x101
 296 00b8 07       		.uleb128 0x7
 297 00b9 A4000000 		.4byte	.LASF16
 298 00bd 03       		.byte	0x3
 299 00be 6E       		.byte	0x6e
 300 00bf 6B000000 		.4byte	0x6b
 301 00c3 00       		.byte	0
 302 00c4 07       		.uleb128 0x7
 303 00c5 00000000 		.4byte	.LASF17
 304 00c9 03       		.byte	0x3
 305 00ca 71       		.byte	0x71
 306 00cb 77000000 		.4byte	0x77
 307 00cf 02       		.byte	0x2
 308 00d0 07       		.uleb128 0x7
 309 00d1 0C000000 		.4byte	.LASF18
 310 00d5 03       		.byte	0x3
 311 00d6 73       		.byte	0x73
 312 00d7 77000000 		.4byte	0x77
 313 00db 04       		.byte	0x4
 314 00dc 07       		.uleb128 0x7
 315 00dd A4010000 		.4byte	.LASF19
 316 00e1 03       		.byte	0x3
 317 00e2 76       		.byte	0x76
 318 00e3 6B000000 		.4byte	0x6b
 319 00e7 06       		.byte	0x6
 320 00e8 07       		.uleb128 0x7
 321 00e9 2F020000 		.4byte	.LASF20
 322 00ed 03       		.byte	0x3
 323 00ee 7C       		.byte	0x7c
 324 00ef 6B000000 		.4byte	0x6b
 325 00f3 07       		.byte	0x7
ARM GAS  C:\Users\NICKBU~1\AppData\Local\Temp\cc0lEDHJ.s 			page 10


 326 00f4 07       		.uleb128 0x7
 327 00f5 E6000000 		.4byte	.LASF21
 328 00f9 03       		.byte	0x3
 329 00fa 86       		.byte	0x86
 330 00fb 6B000000 		.4byte	0x6b
 331 00ff 08       		.byte	0x8
 332 0100 00       		.byte	0
 333 0101 08       		.uleb128 0x8
 334 0102 74000000 		.4byte	.LASF22
 335 0106 03       		.byte	0x3
 336 0107 8B       		.byte	0x8b
 337 0108 B0000000 		.4byte	0xb0
 338 010c 09       		.uleb128 0x9
 339 010d 00010000 		.4byte	.LASF23
 340 0111 01       		.byte	0x1
 341 0112 2A       		.byte	0x2a
 342 0113 00000000 		.4byte	.LFB0
 343 0117 2C000000 		.4byte	.LFE0-.LFB0
 344 011b 01       		.uleb128 0x1
 345 011c 9C       		.byte	0x9c
 346 011d 46010000 		.4byte	0x146
 347 0121 0A       		.uleb128 0xa
 348 0122 06000000 		.4byte	.LVL0
 349 0126 E1010000 		.4byte	0x1e1
 350 012a 0A       		.uleb128 0xa
 351 012b 0E000000 		.4byte	.LVL1
 352 012f EC010000 		.4byte	0x1ec
 353 0133 0A       		.uleb128 0xa
 354 0134 1A000000 		.4byte	.LVL2
 355 0138 F7010000 		.4byte	0x1f7
 356 013c 0A       		.uleb128 0xa
 357 013d 20000000 		.4byte	.LVL3
 358 0141 02020000 		.4byte	0x202
 359 0145 00       		.byte	0
 360 0146 09       		.uleb128 0x9
 361 0147 36000000 		.4byte	.LASF24
 362 014b 01       		.byte	0x1
 363 014c 58       		.byte	0x58
 364 014d 00000000 		.4byte	.LFB1
 365 0151 2C000000 		.4byte	.LFE1-.LFB1
 366 0155 01       		.uleb128 0x1
 367 0156 9C       		.byte	0x9c
 368 0157 80010000 		.4byte	0x180
 369 015b 0A       		.uleb128 0xa
 370 015c 0A000000 		.4byte	.LVL4
 371 0160 0D020000 		.4byte	0x20d
 372 0164 0A       		.uleb128 0xa
 373 0165 10000000 		.4byte	.LVL5
 374 0169 1E020000 		.4byte	0x21e
 375 016d 0A       		.uleb128 0xa
 376 016e 1C000000 		.4byte	.LVL6
 377 0172 2F020000 		.4byte	0x22f
 378 0176 0A       		.uleb128 0xa
 379 0177 22000000 		.4byte	.LVL7
 380 017b 40020000 		.4byte	0x240
 381 017f 00       		.byte	0
 382 0180 09       		.uleb128 0x9
ARM GAS  C:\Users\NICKBU~1\AppData\Local\Temp\cc0lEDHJ.s 			page 11


 383 0181 E0010000 		.4byte	.LASF25
 384 0185 01       		.byte	0x1
 385 0186 88       		.byte	0x88
 386 0187 00000000 		.4byte	.LFB2
 387 018b 2C000000 		.4byte	.LFE2-.LFB2
 388 018f 01       		.uleb128 0x1
 389 0190 9C       		.byte	0x9c
 390 0191 A8010000 		.4byte	0x1a8
 391 0195 0A       		.uleb128 0xa
 392 0196 1E000000 		.4byte	.LVL8
 393 019a 51020000 		.4byte	0x251
 394 019e 0A       		.uleb128 0xa
 395 019f 22000000 		.4byte	.LVL9
 396 01a3 0C010000 		.4byte	0x10c
 397 01a7 00       		.byte	0
 398 01a8 09       		.uleb128 0x9
 399 01a9 DB000000 		.4byte	.LASF26
 400 01ad 01       		.byte	0x1
 401 01ae B2       		.byte	0xb2
 402 01af 00000000 		.4byte	.LFB3
 403 01b3 18000000 		.4byte	.LFE3-.LFB3
 404 01b7 01       		.uleb128 0x1
 405 01b8 9C       		.byte	0x9c
 406 01b9 D0010000 		.4byte	0x1d0
 407 01bd 0A       		.uleb128 0xa
 408 01be 06000000 		.4byte	.LVL10
 409 01c2 46010000 		.4byte	0x146
 410 01c6 0A       		.uleb128 0xa
 411 01c7 10000000 		.4byte	.LVL11
 412 01cb 58020000 		.4byte	0x258
 413 01cf 00       		.byte	0
 414 01d0 0B       		.uleb128 0xb
 415 01d1 8B000000 		.4byte	.LASF40
 416 01d5 01       		.byte	0x1
 417 01d6 14       		.byte	0x14
 418 01d7 01010000 		.4byte	0x101
 419 01db 05       		.uleb128 0x5
 420 01dc 03       		.byte	0x3
 421 01dd 00000000 		.4byte	PWM_backup
 422 01e1 0C       		.uleb128 0xc
 423 01e2 40020000 		.4byte	.LASF27
 424 01e6 03       		.byte	0x3
 425 01e7 C0       		.byte	0xc0
 426 01e8 77000000 		.4byte	0x77
 427 01ec 0C       		.uleb128 0xc
 428 01ed C5000000 		.4byte	.LASF28
 429 01f1 03       		.byte	0x3
 430 01f2 B3       		.byte	0xb3
 431 01f3 77000000 		.4byte	0x77
 432 01f7 0C       		.uleb128 0xc
 433 01f8 CB020000 		.4byte	.LASF29
 434 01fc 03       		.byte	0x3
 435 01fd D2       		.byte	0xd2
 436 01fe 6B000000 		.4byte	0x6b
 437 0202 0C       		.uleb128 0xc
 438 0203 7C020000 		.4byte	.LASF30
 439 0207 03       		.byte	0x3
ARM GAS  C:\Users\NICKBU~1\AppData\Local\Temp\cc0lEDHJ.s 			page 12


 440 0208 9D       		.byte	0x9d
 441 0209 6B000000 		.4byte	0x6b
 442 020d 0D       		.uleb128 0xd
 443 020e EA010000 		.4byte	.LASF31
 444 0212 03       		.byte	0x3
 445 0213 BE       		.byte	0xbe
 446 0214 1E020000 		.4byte	0x21e
 447 0218 0E       		.uleb128 0xe
 448 0219 77000000 		.4byte	0x77
 449 021d 00       		.byte	0
 450 021e 0D       		.uleb128 0xd
 451 021f 59020000 		.4byte	.LASF32
 452 0223 03       		.byte	0x3
 453 0224 BA       		.byte	0xba
 454 0225 2F020000 		.4byte	0x22f
 455 0229 0E       		.uleb128 0xe
 456 022a 77000000 		.4byte	0x77
 457 022e 00       		.byte	0
 458 022f 0D       		.uleb128 0xd
 459 0230 B7010000 		.4byte	.LASF33
 460 0234 03       		.byte	0x3
 461 0235 D1       		.byte	0xd1
 462 0236 40020000 		.4byte	0x240
 463 023a 0E       		.uleb128 0xe
 464 023b 6B000000 		.4byte	0x6b
 465 023f 00       		.byte	0
 466 0240 0D       		.uleb128 0xd
 467 0241 16020000 		.4byte	.LASF34
 468 0245 03       		.byte	0x3
 469 0246 9E       		.byte	0x9e
 470 0247 51020000 		.4byte	0x251
 471 024b 0E       		.uleb128 0xe
 472 024c 6B000000 		.4byte	0x6b
 473 0250 00       		.byte	0
 474 0251 0F       		.uleb128 0xf
 475 0252 6A020000 		.4byte	.LASF35
 476 0256 03       		.byte	0x3
 477 0257 93       		.byte	0x93
 478 0258 0F       		.uleb128 0xf
 479 0259 A0020000 		.4byte	.LASF36
 480 025d 03       		.byte	0x3
 481 025e DB       		.byte	0xdb
 482 025f 00       		.byte	0
 483              		.section	.debug_abbrev,"",%progbits
 484              	.Ldebug_abbrev0:
 485 0000 01       		.uleb128 0x1
 486 0001 11       		.uleb128 0x11
 487 0002 01       		.byte	0x1
 488 0003 25       		.uleb128 0x25
 489 0004 0E       		.uleb128 0xe
 490 0005 13       		.uleb128 0x13
 491 0006 0B       		.uleb128 0xb
 492 0007 03       		.uleb128 0x3
 493 0008 0E       		.uleb128 0xe
 494 0009 1B       		.uleb128 0x1b
 495 000a 0E       		.uleb128 0xe
 496 000b 55       		.uleb128 0x55
ARM GAS  C:\Users\NICKBU~1\AppData\Local\Temp\cc0lEDHJ.s 			page 13


 497 000c 17       		.uleb128 0x17
 498 000d 11       		.uleb128 0x11
 499 000e 01       		.uleb128 0x1
 500 000f 10       		.uleb128 0x10
 501 0010 17       		.uleb128 0x17
 502 0011 00       		.byte	0
 503 0012 00       		.byte	0
 504 0013 02       		.uleb128 0x2
 505 0014 24       		.uleb128 0x24
 506 0015 00       		.byte	0
 507 0016 0B       		.uleb128 0xb
 508 0017 0B       		.uleb128 0xb
 509 0018 3E       		.uleb128 0x3e
 510 0019 0B       		.uleb128 0xb
 511 001a 03       		.uleb128 0x3
 512 001b 0E       		.uleb128 0xe
 513 001c 00       		.byte	0
 514 001d 00       		.byte	0
 515 001e 03       		.uleb128 0x3
 516 001f 24       		.uleb128 0x24
 517 0020 00       		.byte	0
 518 0021 0B       		.uleb128 0xb
 519 0022 0B       		.uleb128 0xb
 520 0023 3E       		.uleb128 0x3e
 521 0024 0B       		.uleb128 0xb
 522 0025 03       		.uleb128 0x3
 523 0026 08       		.uleb128 0x8
 524 0027 00       		.byte	0
 525 0028 00       		.byte	0
 526 0029 04       		.uleb128 0x4
 527 002a 16       		.uleb128 0x16
 528 002b 00       		.byte	0
 529 002c 03       		.uleb128 0x3
 530 002d 0E       		.uleb128 0xe
 531 002e 3A       		.uleb128 0x3a
 532 002f 0B       		.uleb128 0xb
 533 0030 3B       		.uleb128 0x3b
 534 0031 05       		.uleb128 0x5
 535 0032 49       		.uleb128 0x49
 536 0033 13       		.uleb128 0x13
 537 0034 00       		.byte	0
 538 0035 00       		.byte	0
 539 0036 05       		.uleb128 0x5
 540 0037 35       		.uleb128 0x35
 541 0038 00       		.byte	0
 542 0039 49       		.uleb128 0x49
 543 003a 13       		.uleb128 0x13
 544 003b 00       		.byte	0
 545 003c 00       		.byte	0
 546 003d 06       		.uleb128 0x6
 547 003e 13       		.uleb128 0x13
 548 003f 01       		.byte	0x1
 549 0040 0B       		.uleb128 0xb
 550 0041 0B       		.uleb128 0xb
 551 0042 3A       		.uleb128 0x3a
 552 0043 0B       		.uleb128 0xb
 553 0044 3B       		.uleb128 0x3b
ARM GAS  C:\Users\NICKBU~1\AppData\Local\Temp\cc0lEDHJ.s 			page 14


 554 0045 0B       		.uleb128 0xb
 555 0046 01       		.uleb128 0x1
 556 0047 13       		.uleb128 0x13
 557 0048 00       		.byte	0
 558 0049 00       		.byte	0
 559 004a 07       		.uleb128 0x7
 560 004b 0D       		.uleb128 0xd
 561 004c 00       		.byte	0
 562 004d 03       		.uleb128 0x3
 563 004e 0E       		.uleb128 0xe
 564 004f 3A       		.uleb128 0x3a
 565 0050 0B       		.uleb128 0xb
 566 0051 3B       		.uleb128 0x3b
 567 0052 0B       		.uleb128 0xb
 568 0053 49       		.uleb128 0x49
 569 0054 13       		.uleb128 0x13
 570 0055 38       		.uleb128 0x38
 571 0056 0B       		.uleb128 0xb
 572 0057 00       		.byte	0
 573 0058 00       		.byte	0
 574 0059 08       		.uleb128 0x8
 575 005a 16       		.uleb128 0x16
 576 005b 00       		.byte	0
 577 005c 03       		.uleb128 0x3
 578 005d 0E       		.uleb128 0xe
 579 005e 3A       		.uleb128 0x3a
 580 005f 0B       		.uleb128 0xb
 581 0060 3B       		.uleb128 0x3b
 582 0061 0B       		.uleb128 0xb
 583 0062 49       		.uleb128 0x49
 584 0063 13       		.uleb128 0x13
 585 0064 00       		.byte	0
 586 0065 00       		.byte	0
 587 0066 09       		.uleb128 0x9
 588 0067 2E       		.uleb128 0x2e
 589 0068 01       		.byte	0x1
 590 0069 3F       		.uleb128 0x3f
 591 006a 19       		.uleb128 0x19
 592 006b 03       		.uleb128 0x3
 593 006c 0E       		.uleb128 0xe
 594 006d 3A       		.uleb128 0x3a
 595 006e 0B       		.uleb128 0xb
 596 006f 3B       		.uleb128 0x3b
 597 0070 0B       		.uleb128 0xb
 598 0071 27       		.uleb128 0x27
 599 0072 19       		.uleb128 0x19
 600 0073 11       		.uleb128 0x11
 601 0074 01       		.uleb128 0x1
 602 0075 12       		.uleb128 0x12
 603 0076 06       		.uleb128 0x6
 604 0077 40       		.uleb128 0x40
 605 0078 18       		.uleb128 0x18
 606 0079 9742     		.uleb128 0x2117
 607 007b 19       		.uleb128 0x19
 608 007c 01       		.uleb128 0x1
 609 007d 13       		.uleb128 0x13
 610 007e 00       		.byte	0
ARM GAS  C:\Users\NICKBU~1\AppData\Local\Temp\cc0lEDHJ.s 			page 15


 611 007f 00       		.byte	0
 612 0080 0A       		.uleb128 0xa
 613 0081 898201   		.uleb128 0x4109
 614 0084 00       		.byte	0
 615 0085 11       		.uleb128 0x11
 616 0086 01       		.uleb128 0x1
 617 0087 31       		.uleb128 0x31
 618 0088 13       		.uleb128 0x13
 619 0089 00       		.byte	0
 620 008a 00       		.byte	0
 621 008b 0B       		.uleb128 0xb
 622 008c 34       		.uleb128 0x34
 623 008d 00       		.byte	0
 624 008e 03       		.uleb128 0x3
 625 008f 0E       		.uleb128 0xe
 626 0090 3A       		.uleb128 0x3a
 627 0091 0B       		.uleb128 0xb
 628 0092 3B       		.uleb128 0x3b
 629 0093 0B       		.uleb128 0xb
 630 0094 49       		.uleb128 0x49
 631 0095 13       		.uleb128 0x13
 632 0096 02       		.uleb128 0x2
 633 0097 18       		.uleb128 0x18
 634 0098 00       		.byte	0
 635 0099 00       		.byte	0
 636 009a 0C       		.uleb128 0xc
 637 009b 2E       		.uleb128 0x2e
 638 009c 00       		.byte	0
 639 009d 3F       		.uleb128 0x3f
 640 009e 19       		.uleb128 0x19
 641 009f 03       		.uleb128 0x3
 642 00a0 0E       		.uleb128 0xe
 643 00a1 3A       		.uleb128 0x3a
 644 00a2 0B       		.uleb128 0xb
 645 00a3 3B       		.uleb128 0x3b
 646 00a4 0B       		.uleb128 0xb
 647 00a5 27       		.uleb128 0x27
 648 00a6 19       		.uleb128 0x19
 649 00a7 49       		.uleb128 0x49
 650 00a8 13       		.uleb128 0x13
 651 00a9 3C       		.uleb128 0x3c
 652 00aa 19       		.uleb128 0x19
 653 00ab 00       		.byte	0
 654 00ac 00       		.byte	0
 655 00ad 0D       		.uleb128 0xd
 656 00ae 2E       		.uleb128 0x2e
 657 00af 01       		.byte	0x1
 658 00b0 3F       		.uleb128 0x3f
 659 00b1 19       		.uleb128 0x19
 660 00b2 03       		.uleb128 0x3
 661 00b3 0E       		.uleb128 0xe
 662 00b4 3A       		.uleb128 0x3a
 663 00b5 0B       		.uleb128 0xb
 664 00b6 3B       		.uleb128 0x3b
 665 00b7 0B       		.uleb128 0xb
 666 00b8 27       		.uleb128 0x27
 667 00b9 19       		.uleb128 0x19
ARM GAS  C:\Users\NICKBU~1\AppData\Local\Temp\cc0lEDHJ.s 			page 16


 668 00ba 3C       		.uleb128 0x3c
 669 00bb 19       		.uleb128 0x19
 670 00bc 01       		.uleb128 0x1
 671 00bd 13       		.uleb128 0x13
 672 00be 00       		.byte	0
 673 00bf 00       		.byte	0
 674 00c0 0E       		.uleb128 0xe
 675 00c1 05       		.uleb128 0x5
 676 00c2 00       		.byte	0
 677 00c3 49       		.uleb128 0x49
 678 00c4 13       		.uleb128 0x13
 679 00c5 00       		.byte	0
 680 00c6 00       		.byte	0
 681 00c7 0F       		.uleb128 0xf
 682 00c8 2E       		.uleb128 0x2e
 683 00c9 00       		.byte	0
 684 00ca 3F       		.uleb128 0x3f
 685 00cb 19       		.uleb128 0x19
 686 00cc 03       		.uleb128 0x3
 687 00cd 0E       		.uleb128 0xe
 688 00ce 3A       		.uleb128 0x3a
 689 00cf 0B       		.uleb128 0xb
 690 00d0 3B       		.uleb128 0x3b
 691 00d1 0B       		.uleb128 0xb
 692 00d2 27       		.uleb128 0x27
 693 00d3 19       		.uleb128 0x19
 694 00d4 3C       		.uleb128 0x3c
 695 00d5 19       		.uleb128 0x19
 696 00d6 00       		.byte	0
 697 00d7 00       		.byte	0
 698 00d8 00       		.byte	0
 699              		.section	.debug_aranges,"",%progbits
 700 0000 34000000 		.4byte	0x34
 701 0004 0200     		.2byte	0x2
 702 0006 00000000 		.4byte	.Ldebug_info0
 703 000a 04       		.byte	0x4
 704 000b 00       		.byte	0
 705 000c 0000     		.2byte	0
 706 000e 0000     		.2byte	0
 707 0010 00000000 		.4byte	.LFB0
 708 0014 2C000000 		.4byte	.LFE0-.LFB0
 709 0018 00000000 		.4byte	.LFB1
 710 001c 2C000000 		.4byte	.LFE1-.LFB1
 711 0020 00000000 		.4byte	.LFB2
 712 0024 2C000000 		.4byte	.LFE2-.LFB2
 713 0028 00000000 		.4byte	.LFB3
 714 002c 18000000 		.4byte	.LFE3-.LFB3
 715 0030 00000000 		.4byte	0
 716 0034 00000000 		.4byte	0
 717              		.section	.debug_ranges,"",%progbits
 718              	.Ldebug_ranges0:
 719 0000 00000000 		.4byte	.LFB0
 720 0004 2C000000 		.4byte	.LFE0
 721 0008 00000000 		.4byte	.LFB1
 722 000c 2C000000 		.4byte	.LFE1
 723 0010 00000000 		.4byte	.LFB2
 724 0014 2C000000 		.4byte	.LFE2
ARM GAS  C:\Users\NICKBU~1\AppData\Local\Temp\cc0lEDHJ.s 			page 17


 725 0018 00000000 		.4byte	.LFB3
 726 001c 18000000 		.4byte	.LFE3
 727 0020 00000000 		.4byte	0
 728 0024 00000000 		.4byte	0
 729              		.section	.debug_line,"",%progbits
 730              	.Ldebug_line0:
 731 0000 A3000000 		.section	.debug_str,"MS",%progbits,1
 731      02004C00 
 731      00000201 
 731      FB0E0D00 
 731      01010101 
 732              	.LASF17:
 733 0000 50574D55 		.ascii	"PWMUdb\000"
 733      646200
 734              	.LASF14:
 735 0007 72656738 		.ascii	"reg8\000"
 735      00
 736              	.LASF18:
 737 000c 50574D50 		.ascii	"PWMPeriod\000"
 737      6572696F 
 737      6400
 738              	.LASF3:
 739 0016 73686F72 		.ascii	"short unsigned int\000"
 739      7420756E 
 739      7369676E 
 739      65642069 
 739      6E7400
 740              	.LASF8:
 741 0029 756E7369 		.ascii	"unsigned int\000"
 741      676E6564 
 741      20696E74 
 741      00
 742              	.LASF24:
 743 0036 50574D5F 		.ascii	"PWM_RestoreConfig\000"
 743      52657374 
 743      6F726543 
 743      6F6E6669 
 743      6700
 744              	.LASF39:
 745 0048 433A5C70 		.ascii	"C:\\projects\\POVDisplay\\POVBaseHBridge.cydsn\000"
 745      726F6A65 
 745      6374735C 
 745      504F5644 
 745      6973706C 
 746              	.LASF22:
 747 0074 50574D5F 		.ascii	"PWM_backupStruct\000"
 747      6261636B 
 747      75705374 
 747      72756374 
 747      00
 748              	.LASF11:
 749 0085 666C6F61 		.ascii	"float\000"
 749      7400
 750              	.LASF40:
 751 008b 50574D5F 		.ascii	"PWM_backup\000"
 751      6261636B 
 751      757000
ARM GAS  C:\Users\NICKBU~1\AppData\Local\Temp\cc0lEDHJ.s 			page 18


 752              	.LASF1:
 753 0096 756E7369 		.ascii	"unsigned char\000"
 753      676E6564 
 753      20636861 
 753      7200
 754              	.LASF16:
 755 00a4 50574D45 		.ascii	"PWMEnableState\000"
 755      6E61626C 
 755      65537461 
 755      746500
 756              	.LASF5:
 757 00b3 6C6F6E67 		.ascii	"long unsigned int\000"
 757      20756E73 
 757      69676E65 
 757      6420696E 
 757      7400
 758              	.LASF28:
 759 00c5 50574D5F 		.ascii	"PWM_ReadCounter\000"
 759      52656164 
 759      436F756E 
 759      74657200 
 760              	.LASF9:
 761 00d5 75696E74 		.ascii	"uint8\000"
 761      3800
 762              	.LASF26:
 763 00db 50574D5F 		.ascii	"PWM_Wakeup\000"
 763      57616B65 
 763      757000
 764              	.LASF21:
 765 00e6 50574D43 		.ascii	"PWMControlRegister\000"
 765      6F6E7472 
 765      6F6C5265 
 765      67697374 
 765      657200
 766              	.LASF12:
 767 00f9 646F7562 		.ascii	"double\000"
 767      6C6500
 768              	.LASF23:
 769 0100 50574D5F 		.ascii	"PWM_SaveConfig\000"
 769      53617665 
 769      436F6E66 
 769      696700
 770              	.LASF10:
 771 010f 75696E74 		.ascii	"uint16\000"
 771      313600
 772              	.LASF37:
 773 0116 474E5520 		.ascii	"GNU C 4.9.3 20150303 (release) [ARM/embedded-4_9-br"
 773      4320342E 
 773      392E3320 
 773      32303135 
 773      30333033 
 774 0149 616E6368 		.ascii	"anch revision 221220] -mcpu=cortex-m3 -mthumb -g -O"
 774      20726576 
 774      6973696F 
 774      6E203232 
 774      31323230 
 775 017c 67202D66 		.ascii	"g -ffunction-sections -ffat-lto-objects\000"
ARM GAS  C:\Users\NICKBU~1\AppData\Local\Temp\cc0lEDHJ.s 			page 19


 775      66756E63 
 775      74696F6E 
 775      2D736563 
 775      74696F6E 
 776              	.LASF19:
 777 01a4 496E7465 		.ascii	"InterruptMaskValue\000"
 777      72727570 
 777      744D6173 
 777      6B56616C 
 777      756500
 778              	.LASF33:
 779 01b7 50574D5F 		.ascii	"PWM_WriteDeadTime\000"
 779      57726974 
 779      65446561 
 779      6454696D 
 779      6500
 780              	.LASF7:
 781 01c9 6C6F6E67 		.ascii	"long long unsigned int\000"
 781      206C6F6E 
 781      6720756E 
 781      7369676E 
 781      65642069 
 782              	.LASF25:
 783 01e0 50574D5F 		.ascii	"PWM_Sleep\000"
 783      536C6565 
 783      7000
 784              	.LASF31:
 785 01ea 50574D5F 		.ascii	"PWM_WritePeriod\000"
 785      57726974 
 785      65506572 
 785      696F6400 
 786              	.LASF15:
 787 01fa 73697A65 		.ascii	"sizetype\000"
 787      74797065 
 787      00
 788              	.LASF6:
 789 0203 6C6F6E67 		.ascii	"long long int\000"
 789      206C6F6E 
 789      6720696E 
 789      7400
 790              	.LASF13:
 791 0211 63686172 		.ascii	"char\000"
 791      00
 792              	.LASF34:
 793 0216 50574D5F 		.ascii	"PWM_WriteControlRegister\000"
 793      57726974 
 793      65436F6E 
 793      74726F6C 
 793      52656769 
 794              	.LASF20:
 795 022f 50574D64 		.ascii	"PWMdeadBandValue\000"
 795      65616442 
 795      616E6456 
 795      616C7565 
 795      00
 796              	.LASF27:
 797 0240 50574D5F 		.ascii	"PWM_ReadPeriod\000"
ARM GAS  C:\Users\NICKBU~1\AppData\Local\Temp\cc0lEDHJ.s 			page 20


 797      52656164 
 797      50657269 
 797      6F6400
 798              	.LASF2:
 799 024f 73686F72 		.ascii	"short int\000"
 799      7420696E 
 799      7400
 800              	.LASF32:
 801 0259 50574D5F 		.ascii	"PWM_WriteCounter\000"
 801      57726974 
 801      65436F75 
 801      6E746572 
 801      00
 802              	.LASF35:
 803 026a 50574D5F 		.ascii	"PWM_Stop\000"
 803      53746F70 
 803      00
 804              	.LASF4:
 805 0273 6C6F6E67 		.ascii	"long int\000"
 805      20696E74 
 805      00
 806              	.LASF30:
 807 027c 50574D5F 		.ascii	"PWM_ReadControlRegister\000"
 807      52656164 
 807      436F6E74 
 807      726F6C52 
 807      65676973 
 808              	.LASF0:
 809 0294 7369676E 		.ascii	"signed char\000"
 809      65642063 
 809      68617200 
 810              	.LASF36:
 811 02a0 50574D5F 		.ascii	"PWM_Enable\000"
 811      456E6162 
 811      6C6500
 812              	.LASF38:
 813 02ab 47656E65 		.ascii	"Generated_Source\\PSoC5\\PWM_PM.c\000"
 813      72617465 
 813      645F536F 
 813      75726365 
 813      5C50536F 
 814              	.LASF29:
 815 02cb 50574D5F 		.ascii	"PWM_ReadDeadTime\000"
 815      52656164 
 815      44656164 
 815      54696D65 
 815      00
 816              		.ident	"GCC: (GNU Tools for ARM Embedded Processors) 4.9.3 20150303 (release) [ARM/embedded-4_9-br
